error: expected expression, found `>`

   --> mutant.rs:443:1980

    |

443 | ...f16 ( ) ) { out . push ( c as u8 ) ; out . push ( ( c > > 8 ) as u8 ) ; } out } else { args . into_bytes ( ) } ; fs :: write ( & file ...

    |                                                            ^ expected expression



error[E0433]: failed to resolve: maybe a missing crate `rustc_data_structures`?

 --> mutant.rs:1:5

  |

1 | use rustc_data_structures :: fx :: FxHashSet ;

  |     ^^^^^^^^^^^^^^^^^^^^^ maybe a missing crate `rustc_data_structures`?



error[E0433]: failed to resolve: maybe a missing crate `rustc_data_structures`?

 --> mutant.rs:2:5

  |

2 | use rustc_data_structures :: temp_dir :: MaybeTempDir ;

  |     ^^^^^^^^^^^^^^^^^^^^^ maybe a missing crate `rustc_data_structures`?



error[E0433]: failed to resolve: maybe a missing crate `rustc_hir`?

 --> mutant.rs:4:5

  |

4 | use rustc_hir :: def_id :: CrateNum ;

  |     ^^^^^^^^^ maybe a missing crate `rustc_hir`?



error[E0433]: failed to resolve: maybe a missing crate `rustc_middle`?

 --> mutant.rs:5:5

  |

5 | use rustc_middle :: middle :: cstore :: { EncodedMetadata , LibSource , NativeLib } ;

  |     ^^^^^^^^^^^^ maybe a missing crate `rustc_middle`?



error[E0433]: failed to resolve: maybe a missing crate `rustc_middle`?

 --> mutant.rs:6:5

  |

6 | use rustc_middle :: middle :: dependency_format :: Linkage ;

  |     ^^^^^^^^^^^^ maybe a missing crate `rustc_middle`?



error[E0432]: unresolved import `rustc_fs_util`

 --> mutant.rs:3:5

  |

3 | use rustc_fs_util :: fix_windows_verbatim_for_gcc ;

  |     ^^^^^^^^^^^^^ maybe a missing crate `rustc_fs_util`?



error[E0433]: failed to resolve: maybe a missing crate `rustc_session`?

 --> mutant.rs:7:5

  |

7 | use rustc_session :: config :: { self , CFGuard , CrateType , DebugInfo } ;

  |     ^^^^^^^^^^^^^ maybe a missing crate `rustc_session`?



error[E0433]: failed to resolve: maybe a missing crate `rustc_session`?

 --> mutant.rs:8:5

  |

8 | use rustc_session :: config :: { OutputFilenames , OutputType , PrintRequest , SanitizerSet } ;

  |     ^^^^^^^^^^^^^ maybe a missing crate `rustc_session`?



error[E0433]: failed to resolve: maybe a missing crate `rustc_session`?

 --> mutant.rs:9:5

  |

9 | use rustc_session :: output :: { check_file_is_writeable , invalid_output_for_target , out_filename } ;

  |     ^^^^^^^^^^^^^ maybe a missing crate `rustc_session`?



error[E0433]: failed to resolve: maybe a missing crate `rustc_session`?

  --> mutant.rs:10:5

   |

10 | use rustc_session :: search_paths :: PathKind ;

   |     ^^^^^^^^^^^^^ maybe a missing crate `rustc_session`?



error[E0433]: failed to resolve: maybe a missing crate `rustc_session`?

  --> mutant.rs:11:5

   |

11 | use rustc_session :: utils :: NativeLibKind ;

   |     ^^^^^^^^^^^^^ maybe a missing crate `rustc_session`?



error[E0432]: unresolved import `rustc_session`

 --> mutant.rs:7:5

  |

7 | use rustc_session :: config :: { self , CFGuard , CrateType , DebugInfo } ;

  |     ^^^^^^^^^^^^^ maybe a missing crate `rustc_session`?



error[E0433]: failed to resolve: maybe a missing crate `rustc_span`?

  --> mutant.rs:13:5

   |

13 | use rustc_span :: symbol :: Symbol ;

   |     ^^^^^^^^^^ maybe a missing crate `rustc_span`?



error[E0433]: failed to resolve: maybe a missing crate `rustc_target`?

  --> mutant.rs:14:5

   |

14 | use rustc_target :: spec :: crt_objects :: { CrtObjects , CrtObjectsFallback } ;

   |     ^^^^^^^^^^^^ maybe a missing crate `rustc_target`?



error[E0433]: failed to resolve: maybe a missing crate `rustc_target`?

  --> mutant.rs:15:5

   |

15 | use rustc_target :: spec :: { LinkOutputKind , LinkerFlavor , LldFlavor } ;

   |     ^^^^^^^^^^^^ maybe a missing crate `rustc_target`?



error[E0433]: failed to resolve: maybe a missing crate `rustc_target`?

  --> mutant.rs:16:5

   |

16 | use rustc_target :: spec :: { PanicStrategy , RelocModel , RelroLevel } ;

   |     ^^^^^^^^^^^^ maybe a missing crate `rustc_target`?



error[E0433]: failed to resolve: there are too many leading `super` keywords

  --> mutant.rs:17:5

   |

17 | use super :: archive :: ArchiveBuilder ;

   |     ^^^^^ there are too many leading `super` keywords



error[E0433]: failed to resolve: there are too many leading `super` keywords

  --> mutant.rs:18:5

   |

18 | use super :: command :: Command ;

   |     ^^^^^ there are too many leading `super` keywords



error[E0433]: failed to resolve: there are too many leading `super` keywords

  --> mutant.rs:19:5

   |

19 | use super :: linker :: { self , Linker } ;

   |     ^^^^^ there are too many leading `super` keywords



error[E0433]: failed to resolve: there are too many leading `super` keywords

  --> mutant.rs:20:5

   |

20 | use super :: rpath :: { self , RPathConfig } ;

   |     ^^^^^ there are too many leading `super` keywords



error[E0432]: unresolved import `rustc_session`

  --> mutant.rs:12:5

   |

12 | use rustc_session :: { filesearch , Session } ;

   |     ^^^^^^^^^^^^^ maybe a missing crate `rustc_session`?



error[E0432]: unresolved imports `crate::looks_like_rust_object_file`, `crate::CodegenResults`, `crate::CrateInfo`, `crate::METADATA_FILENAME`

  --> mutant.rs:21:16

   |

21 | use crate :: { looks_like_rust_object_file , CodegenResults , CrateInfo , METADATA_FILENAME } ;

   |                ^^^^^^^^^^^^^^^^^^^^^^^^^^^   ^^^^^^^^^^^^^^   ^^^^^^^^^   ^^^^^^^^^^^^^^^^^ no `METADATA_FILENAME` in the root

   |                |                             |                |

   |                |                             |                no `CrateInfo` in the root

   |                |                             no `CodegenResults` in the root

   |                no `looks_like_rust_object_file` in the root



error[E0432]: unresolved import `cc`

  --> mutant.rs:22:5

   |

22 | use cc :: windows_registry ;

   |     ^^

   |     |

   |     unresolved import

   |     help: a similar path exists: `char::methods::unicode::unicode_data::cc`



error[E0432]: unresolved import `tempfile`

  --> mutant.rs:23:5

   |

23 | use tempfile :: Builder as TempFileBuilder ;

   |     ^^^^^^^^ maybe a missing crate `tempfile`?



error: cannot find macro `bug` in this scope

  --> mutant.rs:50:1

   |

50 | bug ! (

   | ^^^



error: cannot find macro `warn` in this scope

   --> mutant.rs:153:1

    |

153 | warn ! ( "arch is not supported" ) ;

    | ^^^^



error: cannot find macro `warn` in this scope

   --> mutant.rs:156:1

    |

156 | warn ! ( "MSVC root path lib location not found" ) ;

    | ^^^^



error: cannot find macro `warn` in this scope

   --> mutant.rs:159:1

    |

159 | warn ! ( "link.exe not found" ) ;

    | ^^^^



error: cannot find macro `info` in this scope

   --> mutant.rs:243:1

    |

243 | info ! ( "preparing rlib to {:?}" , out_filename ) ;

    | ^^^^



error: cannot find macro `info` in this scope

   --> mutant.rs:322:1

    |

322 | info ! ( "preparing {:?} to {:?}" , crate_type , out_filename ) ;

    | ^^^^



error: cannot find macro `info` in this scope

   --> mutant.rs:345:1

    |

345 | info ! ( "{:?}" , & cmd ) ;

    | ^^^^



error: cannot find macro `info` in this scope

   --> mutant.rs:369:1

    |

369 | info ! ( "linker output: {:?}" , out ) ;

    | ^^^^



error: cannot find macro `warn` in this scope

   --> mutant.rs:370:1

    |

370 | warn ! ( "Linker does not support -no-pie command line option. Retrying without." ) ;

    | ^^^^



error: cannot find macro `info` in this scope

   --> mutant.rs:376:1

    |

376 | info ! ( "{:?}" , & cmd ) ;

    | ^^^^



error: cannot find macro `info` in this scope

   --> mutant.rs:386:1

    |

386 | info ! ( "linker output: {:?}" , out ) ;

    | ^^^^



error: cannot find macro `warn` in this scope

   --> mutant.rs:387:1

    |

387 | warn ! (

    | ^^^^



error: cannot find macro `info` in this scope

   --> mutant.rs:428:1

    |

428 | info ! ( "{:?}" , & cmd ) ;

    | ^^^^



error: cannot find macro `warn` in this scope

   --> mutant.rs:432:256

    |

432 | ...; if out . contains ( msg_segv ) || out . contains ( msg_bus ) { warn ! ( "looks like the linker segfaulted when we tried to call it, \

    |                                                                     ^^^^



error: cannot find macro `warn` in this scope

   --> mutant.rs:433:152

    |

433 | ...; continue ; } if is_illegal_instruction ( & output . status ) { warn ! ( "looks like the linker hit an illegal instruction when we \

    |                                                                     ^^^^



error: cannot find macro `info` in this scope

   --> mutant.rs:439:106

    |

439 | ...   \"C++ build tools\" workload" , ) ; } } } sess . abort_if_errors ( ) ; } info ! ( "linker stderr:\n{}" , escape_string ( & prog . s...

    |                                                                                ^^^^



error: cannot find macro `info` in this scope

   --> mutant.rs:439:176

    |

439 | ...! ( "linker stderr:\n{}" , escape_string ( & prog . stderr ) ) ; info ! ( "linker stdout:\n{}" , escape_string ( & prog . stdout ) ) ;...

    |                                                                     ^^^^



error: cannot find macro `bug` in this scope

   --> mutant.rs:441:4433

    |

441 | ... ( sess . target . target . linker_flavor ) , ) { return ret ; } bug ! ( "Not enough information provided to determine how to invoke t...

    |                                                                     ^^^



error: cannot find macro `info` in this scope

   --> mutant.rs:443:1223

    |

443 | ...turn output ; } Err ( ref e ) if command_line_too_big ( e ) => { info ! ( "command line to linker was too big: {}" , e ) ; } Err ( e )...

    |                                                                     ^^^^



error: cannot find macro `info` in this scope

   --> mutant.rs:443:1319

    |

443 | ...r was too big: {}" , e ) ; } Err ( e ) => return Err ( e ) , } } info ! ( "falling back to passing arguments to linker via an @-file" ...

    |                                                                     ^^^^



error: cannot find macro `info` in this scope

   --> mutant.rs:443:2131

    |

443 | ...s ) ? ; cmd2 . arg ( format ! ( "@{}" , file . display ( ) ) ) ; info ! ( "invoking linker {:?}" , cmd2 ) ; let output = cmd2 . output...

    |                                                                     ^^^^



error: cannot find macro `bug` in this scope

   --> mutant.rs:443:16761

    |

443 | ...ticlib ( name , & search_path ) , NativeLibKind :: RawDylib => { bug ! ( "raw_dylib feature not yet implemented" ) ; } } } } fn add_up...

    |                                                                     ^^^



error: cannot find macro `bug` in this scope

   --> mutant.rs:513:1

    |

513 | bug ! ( "raw_dylib feature not yet implemented" ) ;

    | ^^^



error[E0433]: failed to resolve: use of undeclared type `OutputType`

  --> mutant.rs:41:69

   |

41 | let output_metadata = sess . opts . output_types . contains_key ( & OutputType :: Metadata ) ;

   |                                                                     ^^^^^^^^^^ use of undeclared type `OutputType`



error[E0433]: failed to resolve: use of undeclared type `CrateType`

  --> mutant.rs:45:18

   |

45 | && crate_type == CrateType :: Executable

   |                  ^^^^^^^^^ use of undeclared type `CrateType`



error[E0433]: failed to resolve: use of undeclared type `MaybeTempDir`

  --> mutant.rs:66:12

   |

66 | let path = MaybeTempDir :: new ( tmpdir , sess . opts . cg . save_temps ) ;

   |            ^^^^^^^^^^^^ use of undeclared type `MaybeTempDir`



error[E0433]: failed to resolve: use of undeclared type `CrateType`

  --> mutant.rs:69:1

   |

69 | CrateType :: Rlib => {

   | ^^^^^^^^^ use of undeclared type `CrateType`



error[E0433]: failed to resolve: use of undeclared type `CrateType`

  --> mutant.rs:74:1

   |

74 | CrateType :: Staticlib => {

   | ^^^^^^^^^ use of undeclared type `CrateType`



error[E0433]: failed to resolve: use of undeclared type `LinkerFlavor`

   --> mutant.rs:125:1

    |

125 | LinkerFlavor :: Lld ( f ) => Command :: lld ( linker , f ) ,

    | ^^^^^^^^^^^^ use of undeclared type `LinkerFlavor`



error[E0433]: failed to resolve: use of undeclared type `LinkerFlavor`

   --> mutant.rs:126:1

    |

126 | LinkerFlavor :: Msvc

    | ^^^^^^^^^^^^ use of undeclared type `LinkerFlavor`



error[E0433]: failed to resolve: use of undeclared type `LinkerFlavor`

   --> mutant.rs:135:16

    |

135 | if ( flavor == LinkerFlavor :: Msvc || flavor == LinkerFlavor :: Lld ( LldFlavor :: Link ) )

    |                ^^^^^^^^^^^^ use of undeclared type `LinkerFlavor`



error[E0433]: failed to resolve: use of undeclared type `LinkerFlavor`

   --> mutant.rs:135:50

    |

135 | if ( flavor == LinkerFlavor :: Msvc || flavor == LinkerFlavor :: Lld ( LldFlavor :: Link ) )

    |                                                  ^^^^^^^^^^^^ use of undeclared type `LinkerFlavor`



error[E0433]: failed to resolve: use of undeclared type `LldFlavor`

   --> mutant.rs:135:72

    |

135 | if ( flavor == LinkerFlavor :: Msvc || flavor == LinkerFlavor :: Lld ( LldFlavor :: Link ) )

    |                                                                        ^^^^^^^^^ use of undeclared type `LldFlavor`



error[E0433]: failed to resolve: use of undeclared type `PathKind`

   --> mutant.rs:162:45

    |

162 | let mut new_path = sess . host_filesearch ( PathKind :: All ) . get_tools_search_paths ( self_contained ) ;

    |                                             ^^^^^^^^ use of undeclared type `PathKind`



error[E0433]: failed to resolve: use of undeclared type `CrateType`

   --> mutant.rs:193:1

    |

193 | CrateType :: Executable

    | ^^^^^^^^^ use of undeclared type `CrateType`



error[E0433]: failed to resolve: use of undeclared type `CrateType`

   --> mutant.rs:194:3

    |

194 | | CrateType :: Staticlib

    |   ^^^^^^^^^ use of undeclared type `CrateType`



error[E0433]: failed to resolve: use of undeclared type `CrateType`

   --> mutant.rs:195:3

    |

195 | | CrateType :: Cdylib

    |   ^^^^^^^^^ use of undeclared type `CrateType`



error[E0433]: failed to resolve: use of undeclared type `CrateType`

   --> mutant.rs:196:3

    |

196 | | CrateType :: ProcMacro => {

    |   ^^^^^^^^^ use of undeclared type `CrateType`



error[E0433]: failed to resolve: use of undeclared type `Linkage`

   --> mutant.rs:209:10

    |

209 | Some ( & Linkage :: NotLinked | & Linkage :: IncludedFromDylib ) => continue ,

    |          ^^^^^^^ use of undeclared type `Linkage`



error[E0433]: failed to resolve: use of undeclared type `Linkage`

   --> mutant.rs:209:35

    |

209 | Some ( & Linkage :: NotLinked | & Linkage :: IncludedFromDylib ) => continue ,

    |                                   ^^^^^^^ use of undeclared type `Linkage`



error[E0433]: failed to resolve: use of undeclared type `LibSource`

   --> mutant.rs:215:1

    |

215 | LibSource :: Some ( ref p ) => p ,

    | ^^^^^^^^^ use of undeclared type `LibSource`



error[E0433]: failed to resolve: use of undeclared type `LibSource`

   --> mutant.rs:216:1

    |

216 | LibSource :: MetadataOnly => {

    | ^^^^^^^^^ use of undeclared type `LibSource`



error[E0433]: failed to resolve: use of undeclared type `LibSource`

   --> mutant.rs:222:1

    |

222 | LibSource :: None => return Err ( format ! ( "could not find rlib for: `{}`" , name ) ) ,

    | ^^^^^^^^^ use of undeclared type `LibSource`



error[E0433]: failed to resolve: use of undeclared type `ArchiveBuilder`

   --> mutant.rs:244:21

    |

244 | let mut ab = < B as ArchiveBuilder > :: new ( sess , out_filename , None ) ;

    |                     ^^^^^^^^^^^^^^ use of undeclared type `ArchiveBuilder`



error[E0433]: failed to resolve: use of undeclared type `NativeLibKind`

   --> mutant.rs:250:1

    |

250 | NativeLibKind :: StaticBundle => { }

    | ^^^^^^^^^^^^^ use of undeclared type `NativeLibKind`



error[E0433]: failed to resolve: use of undeclared type `NativeLibKind`

   --> mutant.rs:251:1

    |

251 | NativeLibKind :: StaticNoBundle

    | ^^^^^^^^^^^^^ use of undeclared type `NativeLibKind`



error[E0433]: failed to resolve: use of undeclared type `NativeLibKind`

   --> mutant.rs:252:3

    |

252 | | NativeLibKind :: Dylib

    |   ^^^^^^^^^^^^^ use of undeclared type `NativeLibKind`



error[E0433]: failed to resolve: use of undeclared type `NativeLibKind`

   --> mutant.rs:253:3

    |

253 | | NativeLibKind :: Framework

    |   ^^^^^^^^^^^^^ use of undeclared type `NativeLibKind`



error[E0433]: failed to resolve: use of undeclared type `NativeLibKind`

   --> mutant.rs:254:3

    |

254 | | NativeLibKind :: RawDylib

    |   ^^^^^^^^^^^^^ use of undeclared type `NativeLibKind`



error[E0433]: failed to resolve: use of undeclared type `NativeLibKind`

   --> mutant.rs:255:3

    |

255 | | NativeLibKind :: Unspecified => continue ,

    |   ^^^^^^^^^^^^^ use of undeclared type `NativeLibKind`



error[E0433]: failed to resolve: use of undeclared type `NativeLibKind`

   --> mutant.rs:292:31

    |

292 | . any ( | lib | lib . kind == NativeLibKind :: StaticBundle && ! relevant_lib ( sess , lib ) ) ;

    |                               ^^^^^^^^^^^^^ use of undeclared type `NativeLibKind`



error[E0433]: failed to resolve: use of undeclared type `PrintRequest`

   --> mutant.rs:309:40

    |

309 | if sess . opts . prints . contains ( & PrintRequest :: NativeStaticLibs ) {

    |                                        ^^^^^^^^^^^^ use of undeclared type `PrintRequest`



error[E0433]: failed to resolve: use of undeclared crate or module `linker`

   --> mutant.rs:334:1

    |

334 | linker :: disable_localization ( & mut cmd ) ;

    | ^^^^^^ use of undeclared crate or module `linker`



error[E0433]: failed to resolve: use of undeclared type `LinkerFlavor`

   --> mutant.rs:363:14

    |

363 | && flavor != LinkerFlavor :: Ld

    |              ^^^^^^^^^^^^ use of undeclared type `LinkerFlavor`



error[E0433]: failed to resolve: use of undeclared type `LinkerFlavor`

   --> mutant.rs:380:14

    |

380 | && flavor != LinkerFlavor :: Ld

    |              ^^^^^^^^^^^^ use of undeclared type `LinkerFlavor`



error[E0433]: failed to resolve: use of undeclared type `LinkOutputKind`

   --> mutant.rs:411:58

    |

411 | let pre_objects_static_pie = get_objects ( pre_objects , LinkOutputKind :: StaticPicExe ) ;

    |                                                          ^^^^^^^^^^^^^^ use of undeclared type `LinkOutputKind`



error[E0433]: failed to resolve: use of undeclared type `LinkOutputKind`

   --> mutant.rs:412:60

    |

412 | let post_objects_static_pie = get_objects ( post_objects , LinkOutputKind :: StaticPicExe ) ;

    |                                                            ^^^^^^^^^^^^^^ use of undeclared type `LinkOutputKind`



error[E0433]: failed to resolve: use of undeclared type `LinkOutputKind`

   --> mutant.rs:413:58

    |

413 | let mut pre_objects_static = get_objects ( pre_objects , LinkOutputKind :: StaticNoPicExe ) ;

    |                                                          ^^^^^^^^^^^^^^ use of undeclared type `LinkOutputKind`



error[E0433]: failed to resolve: use of undeclared type `LinkOutputKind`

   --> mutant.rs:414:60

    |

414 | let mut post_objects_static = get_objects ( post_objects , LinkOutputKind :: StaticNoPicExe ) ;

    |                                                            ^^^^^^^^^^^^^^ use of undeclared type `LinkOutputKind`



error[E0433]: failed to resolve: use of undeclared crate or module `libc`

   --> mutant.rs:435:242

    |

435 | ...relude :: * ; status . signal ( ) == Some ( libc :: SIGILL ) } # [ cfg ( windows ) ] fn is_illegal_instruction ( _status : & ExitStatu...

    |                                                ^^^^ use of undeclared crate or module `libc`



error[E0433]: failed to resolve: use of undeclared type `LinkerFlavor`

   --> mutant.rs:435:1127

    |

435 | ...get . options . is_like_msvc && flavor == LinkerFlavor :: Msvc && sess . opts . cg . linker . is_none ( ) && linker_path . to_str ( ) ...

    |                                              ^^^^^^^^^^^^ use of undeclared type `LinkerFlavor`



error[E0433]: failed to resolve: use of undeclared type `DebugInfo`

   --> mutant.rs:441:185

    |

441 | ... . is_like_osx && sess . opts . debuginfo != DebugInfo :: None && ! preserve_objects_for_their_debuginfo ( sess ) { if let Err ( e ) =...

    |                                                 ^^^^^^^^^ use of undeclared type `DebugInfo`



error[E0433]: failed to resolve: use of undeclared type `CrateType`

   --> mutant.rs:441:548

    |

441 | ...r ) { let needs_runtime = match crate_type { CrateType :: Executable => true , CrateType :: Dylib | CrateType :: Cdylib | CrateType ::...

    |                                                 ^^^^^^^^^ use of undeclared type `CrateType`



error[E0433]: failed to resolve: use of undeclared type `CrateType`

   --> mutant.rs:441:582

    |

441 | ...ate_type { CrateType :: Executable => true , CrateType :: Dylib | CrateType :: Cdylib | CrateType :: ProcMacro => { sess . target . ta...

    |                                                 ^^^^^^^^^ use of undeclared type `CrateType`



error[E0433]: failed to resolve: use of undeclared type `CrateType`

   --> mutant.rs:441:603

    |

441 | ...:: Executable => true , CrateType :: Dylib | CrateType :: Cdylib | CrateType :: ProcMacro => { sess . target . target . options . is_l...

    |                                                 ^^^^^^^^^ use of undeclared type `CrateType`



error[E0433]: failed to resolve: use of undeclared type `CrateType`

   --> mutant.rs:441:625

    |

441 | ..., CrateType :: Dylib | CrateType :: Cdylib | CrateType :: ProcMacro => { sess . target . target . options . is_like_osx } CrateType ::...

    |                                                 ^^^^^^^^^ use of undeclared type `CrateType`



error[E0433]: failed to resolve: use of undeclared type `CrateType`

   --> mutant.rs:441:702

    |

441 | ... . target . target . options . is_like_osx } CrateType :: Rlib | CrateType :: Staticlib => false , } ; if ! needs_runtime { return ; }...

    |                                                 ^^^^^^^^^ use of undeclared type `CrateType`



error[E0433]: failed to resolve: use of undeclared type `CrateType`

   --> mutant.rs:441:722

    |

441 | ... options . is_like_osx } CrateType :: Rlib | CrateType :: Staticlib => false , } ; if ! needs_runtime { return ; } let sanitizer = ses...

    |                                                 ^^^^^^^^^ use of undeclared type `CrateType`



error[E0433]: failed to resolve: use of undeclared type `SanitizerSet`

   --> mutant.rs:441:877

    |

441 | ...s . sanitizer ; if sanitizer . contains ( SanitizerSet :: ADDRESS ) { link_sanitizer_runtime ( sess , linker , "asan" ) ; } if sanitiz...

    |                                              ^^^^^^^^^^^^ use of undeclared type `SanitizerSet`



error[E0433]: failed to resolve: use of undeclared type `SanitizerSet`

   --> mutant.rs:441:985

    |

441 | ... , "asan" ) ; } if sanitizer . contains ( SanitizerSet :: LEAK ) { link_sanitizer_runtime ( sess , linker , "lsan" ) ; } if sanitizer ...

    |                                              ^^^^^^^^^^^^ use of undeclared type `SanitizerSet`



error[E0433]: failed to resolve: use of undeclared type `SanitizerSet`

   --> mutant.rs:441:1090

    |

441 | ... , "lsan" ) ; } if sanitizer . contains ( SanitizerSet :: MEMORY ) { link_sanitizer_runtime ( sess , linker , "msan" ) ; } if sanitize...

    |                                              ^^^^^^^^^^^^ use of undeclared type `SanitizerSet`



error[E0433]: failed to resolve: use of undeclared type `SanitizerSet`

   --> mutant.rs:441:1197

    |

441 | ... , "msan" ) ; } if sanitizer . contains ( SanitizerSet :: THREAD ) { link_sanitizer_runtime ( sess , linker , "tsan" ) ; } } fn link_s...

    |                                              ^^^^^^^^^^^^ use of undeclared type `SanitizerSet`



error[E0433]: failed to resolve: use of undeclared type `LinkerFlavor`

   --> mutant.rs:441:2955

    |

441 | ...Some ( ( PathBuf :: from ( match flavor { LinkerFlavor :: Em => { if cfg ! ( windows ) { "emcc.bat" } else { "emcc" } } LinkerFlavor :...

    |                                              ^^^^^^^^^^^^ use of undeclared type `LinkerFlavor`



error[E0433]: failed to resolve: use of undeclared type `LinkerFlavor`

   --> mutant.rs:441:3033

    |

441 | ...indows ) { "emcc.bat" } else { "emcc" } } LinkerFlavor :: Gcc => { if cfg ! ( any ( target_os = "solaris" , target_os = "illumos" ) ) ...

    |                                              ^^^^^^^^^^^^ use of undeclared type `LinkerFlavor`



error[E0433]: failed to resolve: use of undeclared type `LinkerFlavor`

   --> mutant.rs:441:3151

    |

441 | ...= "illumos" ) ) { "gcc" } else { "cc" } } LinkerFlavor :: Ld => "ld" , LinkerFlavor :: Msvc => "link.exe" , LinkerFlavor :: Lld ( _ ) ...

    |                                              ^^^^^^^^^^^^ use of undeclared type `LinkerFlavor`



error[E0433]: failed to resolve: use of undeclared type `LinkerFlavor`

   --> mutant.rs:441:3180

    |

441 | ...e { "cc" } } LinkerFlavor :: Ld => "ld" , LinkerFlavor :: Msvc => "link.exe" , LinkerFlavor :: Lld ( _ ) => "lld" , LinkerFlavor :: Pt...

    |                                              ^^^^^^^^^^^^ use of undeclared type `LinkerFlavor`



error[E0433]: failed to resolve: use of undeclared type `LinkerFlavor`

   --> mutant.rs:441:3217

    |

441 | ...d" , LinkerFlavor :: Msvc => "link.exe" , LinkerFlavor :: Lld ( _ ) => "lld" , LinkerFlavor :: PtxLinker => "rust-ptx-linker" , } ) , ...

    |                                              ^^^^^^^^^^^^ use of undeclared type `LinkerFlavor`



error[E0433]: failed to resolve: use of undeclared type `LinkerFlavor`

   --> mutant.rs:441:3254

    |

441 | ...e" , LinkerFlavor :: Lld ( _ ) => "lld" , LinkerFlavor :: PtxLinker => "rust-ptx-linker" , } ) , flavor , ) ) , ( Some ( linker ) , No...

    |                                              ^^^^^^^^^^^^ use of undeclared type `LinkerFlavor`



error[E0433]: failed to resolve: use of undeclared type `LinkerFlavor`

   --> mutant.rs:441:3563

    |

441 | ... ) } ) ; let flavor = if stem == "emcc" { LinkerFlavor :: Em } else if stem == "gcc" || stem . ends_with ( "-gcc" ) || stem == "clang"...

    |                                              ^^^^^^^^^^^^ use of undeclared type `LinkerFlavor`



error[E0433]: failed to resolve: use of undeclared type `LinkerFlavor`

   --> mutant.rs:441:3691

    |

441 | ...clang" || stem . ends_with ( "-clang" ) { LinkerFlavor :: Gcc } else if stem == "ld" || stem == "ld.lld" || stem . ends_with ( "-ld" )...

    |                                              ^^^^^^^^^^^^ use of undeclared type `LinkerFlavor`



error[E0433]: failed to resolve: use of undeclared type `LinkerFlavor`

   --> mutant.rs:441:3786

    |

441 | ... "ld.lld" || stem . ends_with ( "-ld" ) { LinkerFlavor :: Ld } else if stem == "link" || stem == "lld-link" { LinkerFlavor :: Msvc } e...

    |                                              ^^^^^^^^^^^^ use of undeclared type `LinkerFlavor`



error[E0433]: failed to resolve: use of undeclared type `LinkerFlavor`

   --> mutant.rs:441:3854

    |

441 | ...if stem == "link" || stem == "lld-link" { LinkerFlavor :: Msvc } else if stem == "lld" || stem == "rust-lld" { LinkerFlavor :: Lld ( s...

    |                                              ^^^^^^^^^^^^ use of undeclared type `LinkerFlavor`



error[E0433]: failed to resolve: use of undeclared type `LinkerFlavor`

   --> mutant.rs:441:3923

    |

441 | ... if stem == "lld" || stem == "rust-lld" { LinkerFlavor :: Lld ( sess . target . target . options . lld_flavor ) } else { sess . target...

    |                                              ^^^^^^^^^^^^ use of undeclared type `LinkerFlavor`



error[E0433]: failed to resolve: use of undeclared type `CrateType`

   --> mutant.rs:441:4742

    |

441 | ...te_types ( ) . iter ( ) . any ( | & x | x != CrateType :: Rlib && x != CrateType :: Staticlib ) ; if ! output_linked { return false ; ...

    |                                                 ^^^^^^^^^ use of undeclared type `CrateType`



error[E0433]: failed to resolve: use of undeclared type `CrateType`

   --> mutant.rs:441:4768

    |

441 | ...any ( | & x | x != CrateType :: Rlib && x != CrateType :: Staticlib ) ; if ! output_linked { return false ; } if sess . target . targe...

    |                                                 ^^^^^^^^^ use of undeclared type `CrateType`



error[E0433]: failed to resolve: use of undeclared type `PathKind`

   --> mutant.rs:441:5047

    |

441 | ... Vec < PathBuf > { sess . target_filesearch ( PathKind :: Native ) . search_path_dirs ( ) } enum RlibFlavor { Normal , StaticlibBase ,...

    |                                                  ^^^^^^^^ use of undeclared type `PathKind`



error[E0433]: failed to resolve: use of undeclared type `NativeLibKind`

   --> mutant.rs:441:5394

    |

441 | ...name = lib . name ? ; match lib . kind { NativeLibKind :: StaticNoBundle | NativeLibKind :: Dylib | NativeLibKind :: Unspecified => { ...

    |                                             ^^^^^^^^^^^^^ use of undeclared type `NativeLibKind`



error[E0433]: failed to resolve: use of undeclared type `NativeLibKind`

   --> mutant.rs:441:5428

    |

441 | ...kind { NativeLibKind :: StaticNoBundle | NativeLibKind :: Dylib | NativeLibKind :: Unspecified => { if sess . target . target . option...

    |                                             ^^^^^^^^^^^^^ use of undeclared type `NativeLibKind`



error[E0433]: failed to resolve: use of undeclared type `NativeLibKind`

   --> mutant.rs:441:5453

    |

441 | ...taticNoBundle | NativeLibKind :: Dylib | NativeLibKind :: Unspecified => { if sess . target . target . options . is_like_msvc { Some (...

    |                                             ^^^^^^^^^^^^^ use of undeclared type `NativeLibKind`



error[E0433]: failed to resolve: use of undeclared type `NativeLibKind`

   --> mutant.rs:441:5627

    |

441 | ... Some ( format ! ( "-l{}" , name ) ) } } NativeLibKind :: Framework => { Some ( format ! ( "-framework {}" , name ) ) } NativeLibKind ...

    |                                             ^^^^^^^^^^^^^ use of undeclared type `NativeLibKind`



error[E0433]: failed to resolve: use of undeclared type `NativeLibKind`

   --> mutant.rs:441:5706

    |

441 | ... format ! ( "-framework {}" , name ) ) } NativeLibKind :: StaticBundle | NativeLibKind :: RawDylib => None , } } ) . collect ( ) ; if ...

    |                                             ^^^^^^^^^^^^^ use of undeclared type `NativeLibKind`



error[E0433]: failed to resolve: use of undeclared type `NativeLibKind`

   --> mutant.rs:441:5738

    |

441 | ...me ) ) } NativeLibKind :: StaticBundle | NativeLibKind :: RawDylib => None , } } ) . collect ( ) ; if ! lib_args . is_empty ( ) { sess...

    |                                             ^^^^^^^^^^^^^ use of undeclared type `NativeLibKind`



error[E0433]: failed to resolve: use of undeclared type `PathKind`

   --> mutant.rs:443:316

    |

443 | ...PathBuf { let fs = sess . target_filesearch ( PathKind :: Native ) ; let file_path = fs . get_lib_path ( ) . join ( name ) ; if file_p...

    |                                                  ^^^^^^^^ use of undeclared type `PathKind`



error[E0433]: failed to resolve: unresolved import

   --> mutant.rs:443:2861

    |

443 | ...Some ( :: libc :: E2BIG ) } # [ cfg ( windows ) ] fn command_line_too_big ( err : & io :: Error ) -> bool { const ERROR_FILENAME_EXCED...

    |              ^^^^

    |              |

    |              unresolved import

    |              help: a similar path exists: `io::stdio::sys_common::backtrace::backtrace_rs::symbolize::gimli::mystd::libc`



error[E0433]: failed to resolve: use of undeclared type `CrateType`

   --> mutant.rs:443:3800

    |

443 | ...type ) ) , sess . relocation_model ( ) ) { ( CrateType :: Executable , false , RelocModel :: Pic ) => LinkOutputKind :: DynamicPicExe ...

    |                                                 ^^^^^^^^^ use of undeclared type `CrateType`



error[E0433]: failed to resolve: use of undeclared type `RelocModel`

   --> mutant.rs:443:3834

    |

443 | ...( ) ) { ( CrateType :: Executable , false , RelocModel :: Pic ) => LinkOutputKind :: DynamicPicExe , ( CrateType :: Executable , false...

    |                                                ^^^^^^^^^^ use of undeclared type `RelocModel`



error[E0433]: failed to resolve: use of undeclared type `LinkOutputKind`

   --> mutant.rs:443:3857

    |

443 | ...utable , false , RelocModel :: Pic ) => LinkOutputKind :: DynamicPicExe , ( CrateType :: Executable , false , _ ) => LinkOutputKind ::...

    |                                            ^^^^^^^^^^^^^^ use of undeclared type `LinkOutputKind`



error[E0433]: failed to resolve: use of undeclared type `CrateType`

   --> mutant.rs:443:3893

    |

443 | ...Pic ) => LinkOutputKind :: DynamicPicExe , ( CrateType :: Executable , false , _ ) => LinkOutputKind :: DynamicNoPicExe , ( CrateType ...

    |                                                 ^^^^^^^^^ use of undeclared type `CrateType`



error[E0433]: failed to resolve: use of undeclared type `LinkOutputKind`

   --> mutant.rs:443:3934

    |

443 | ...rateType :: Executable , false , _ ) => LinkOutputKind :: DynamicNoPicExe , ( CrateType :: Executable , true , RelocModel :: Pic ) => ...

    |                                            ^^^^^^^^^^^^^^ use of undeclared type `LinkOutputKind`



error[E0433]: failed to resolve: use of undeclared type `CrateType`

   --> mutant.rs:443:3972

    |

443 | ..._ ) => LinkOutputKind :: DynamicNoPicExe , ( CrateType :: Executable , true , RelocModel :: Pic ) => LinkOutputKind :: StaticPicExe , ...

    |                                                 ^^^^^^^^^ use of undeclared type `CrateType`



error[E0433]: failed to resolve: use of undeclared type `RelocModel`

   --> mutant.rs:443:4005

    |

443 | ...PicExe , ( CrateType :: Executable , true , RelocModel :: Pic ) => LinkOutputKind :: StaticPicExe , ( CrateType :: Executable , true ,...

    |                                                ^^^^^^^^^^ use of undeclared type `RelocModel`



error[E0433]: failed to resolve: use of undeclared type `LinkOutputKind`

   --> mutant.rs:443:4028

    |

443 | ...cutable , true , RelocModel :: Pic ) => LinkOutputKind :: StaticPicExe , ( CrateType :: Executable , true , _ ) => LinkOutputKind :: S...

    |                                            ^^^^^^^^^^^^^^ use of undeclared type `LinkOutputKind`



error[E0433]: failed to resolve: use of undeclared type `CrateType`

   --> mutant.rs:443:4063

    |

443 | ... Pic ) => LinkOutputKind :: StaticPicExe , ( CrateType :: Executable , true , _ ) => LinkOutputKind :: StaticNoPicExe , ( _ , true , _...

    |                                                 ^^^^^^^^^ use of undeclared type `CrateType`



error[E0433]: failed to resolve: use of undeclared type `LinkOutputKind`

   --> mutant.rs:443:4103

    |

443 | ...CrateType :: Executable , true , _ ) => LinkOutputKind :: StaticNoPicExe , ( _ , true , _ ) => LinkOutputKind :: StaticDylib , ( _ , f...

    |                                            ^^^^^^^^^^^^^^ use of undeclared type `LinkOutputKind`



error[E0433]: failed to resolve: use of undeclared type `LinkOutputKind`

   --> mutant.rs:443:4158

    |

443 | ...:: StaticNoPicExe , ( _ , true , _ ) => LinkOutputKind :: StaticDylib , ( _ , false , _ ) => LinkOutputKind :: DynamicDylib , } ; let ...

    |                                            ^^^^^^^^^^^^^^ use of undeclared type `LinkOutputKind`



error[E0433]: failed to resolve: use of undeclared type `LinkOutputKind`

   --> mutant.rs:443:4211

    |

443 | ...d :: StaticDylib , ( _ , false , _ ) => LinkOutputKind :: DynamicDylib , } ; let opts = & sess . target . target . options ; let pic_e...

    |                                            ^^^^^^^^^^^^^^ use of undeclared type `LinkOutputKind`



error[E0433]: failed to resolve: use of undeclared type `LinkOutputKind`

   --> mutant.rs:443:4518

    |

443 | ...crt_static_allows_dylibs ; match kind { LinkOutputKind :: DynamicPicExe if ! pic_exe_supported => LinkOutputKind :: DynamicNoPicExe , ...

    |                                            ^^^^^^^^^^^^^^ use of undeclared type `LinkOutputKind`



error[E0433]: failed to resolve: use of undeclared type `LinkOutputKind`

   --> mutant.rs:443:4576

    |

443 | ...DynamicPicExe if ! pic_exe_supported => LinkOutputKind :: DynamicNoPicExe , LinkOutputKind :: StaticPicExe if ! static_pic_exe_support...

    |                                            ^^^^^^^^^^^^^^ use of undeclared type `LinkOutputKind`



error[E0433]: failed to resolve: use of undeclared type `LinkOutputKind`

   --> mutant.rs:443:4612

    |

443 | ... => LinkOutputKind :: DynamicNoPicExe , LinkOutputKind :: StaticPicExe if ! static_pic_exe_supported => LinkOutputKind :: StaticNoPicE...

    |                                            ^^^^^^^^^^^^^^ use of undeclared type `LinkOutputKind`



error[E0433]: failed to resolve: use of undeclared type `LinkOutputKind`

   --> mutant.rs:443:4676

    |

443 | ...PicExe if ! static_pic_exe_supported => LinkOutputKind :: StaticNoPicExe , LinkOutputKind :: StaticDylib if ! static_dylib_supported =...

    |                                            ^^^^^^^^^^^^^^ use of undeclared type `LinkOutputKind`



error[E0433]: failed to resolve: use of undeclared type `LinkOutputKind`

   --> mutant.rs:443:4711

    |

443 | ...d => LinkOutputKind :: StaticNoPicExe , LinkOutputKind :: StaticDylib if ! static_dylib_supported => LinkOutputKind :: DynamicDylib , ...

    |                                            ^^^^^^^^^^^^^^ use of undeclared type `LinkOutputKind`



error[E0433]: failed to resolve: use of undeclared type `LinkOutputKind`

   --> mutant.rs:443:4772

    |

443 | ...ticDylib if ! static_dylib_supported => LinkOutputKind :: DynamicDylib , _ => kind , } } fn detect_self_contained_mingw ( sess : & Ses...

    |                                            ^^^^^^^^^^^^^^ use of undeclared type `LinkOutputKind`



error[E0433]: failed to resolve: use of undeclared type `CrtObjectsFallback`

   --> mutant.rs:443:5638

    |

443 | ...ons . crt_objects_fallback { Some ( CrtObjectsFallback :: Musl ) => sess . crt_static ( Some ( crate_type ) ) , Some ( CrtObjectsFallb...

    |                                        ^^^^^^^^^^^^^^^^^^ use of undeclared type `CrtObjectsFallback`



error[E0433]: failed to resolve: use of undeclared type `CrtObjectsFallback`

   --> mutant.rs:443:5721

    |

443 | ...ic ( Some ( crate_type ) ) , Some ( CrtObjectsFallback :: Mingw ) => { sess . host == sess . target . target && sess . target . target...

    |                                        ^^^^^^^^^^^^^^^^^^ use of undeclared type `CrtObjectsFallback`



error[E0433]: failed to resolve: use of undeclared type `CrtObjectsFallback`

   --> mutant.rs:443:5896

    |

443 | ...contained_mingw ( & sess ) } Some ( CrtObjectsFallback :: Wasm ) => true , None => false , } } fn add_pre_link_objects ( cmd : & mut d...

    |                                        ^^^^^^^^^^^^^^^^^^ use of undeclared type `CrtObjectsFallback`



error[E0433]: failed to resolve: use of undeclared type `CrateType`

   --> mutant.rs:443:7340

    |

443 | ...arget . target . options . link_script ) { ( CrateType :: Cdylib | CrateType :: Executable , Some ( script ) ) => { if ! sess . target...

    |                                                 ^^^^^^^^^ use of undeclared type `CrateType`



error[E0433]: failed to resolve: use of undeclared type `CrateType`

   --> mutant.rs:443:7362

    |

443 | ...ns . link_script ) { ( CrateType :: Cdylib | CrateType :: Executable , Some ( script ) ) => { if ! sess . target . target . options . ...

    |                                                 ^^^^^^^^^ use of undeclared type `CrateType`



error[E0433]: failed to resolve: use of undeclared type `CrateType`

   --> mutant.rs:443:8334

    |

443 | ... , ) { let any_dynamic_crate = crate_type == CrateType :: Dylib || codegen_results . crate_info . dependency_formats . iter ( ) . any ...

    |                                                 ^^^^^^^^^ use of undeclared type `CrateType`



error[E0433]: failed to resolve: use of undeclared type `Linkage`

   --> mutant.rs:443:8516

    |

443 | ...st . iter ( ) . any ( | & linkage | linkage == Linkage :: Dynamic ) } ) ; if any_dynamic_crate { if let Some ( args ) = sess . target ...

    |                                                   ^^^^^^^ use of undeclared type `Linkage`



error[E0433]: failed to resolve: use of undeclared type `CrateType`

   --> mutant.rs:443:9788

    |

443 | ...ts : & CodegenResults , ) { if crate_type == CrateType :: Dylib || crate_type == CrateType :: ProcMacro { if let Some ( obj ) = codege...

    |                                                 ^^^^^^^^^ use of undeclared type `CrateType`



error[E0433]: failed to resolve: use of undeclared type `CrateType`

   --> mutant.rs:443:9824

    |

443 | ..._type == CrateType :: Dylib || crate_type == CrateType :: ProcMacro { if let Some ( obj ) = codegen_results . metadata_module . as_ref...

    |                                                 ^^^^^^^^^ use of undeclared type `CrateType`



error[E0433]: failed to resolve: use of undeclared type `PathKind`

   --> mutant.rs:443:10717

    |

443 | ...) { let lib_path = sess . target_filesearch ( PathKind :: All ) . get_lib_path ( ) ; cmd . include_path ( & fix_windows_verbatim_for_g...

    |                                                  ^^^^^^^^ use of undeclared type `PathKind`



error[E0433]: failed to resolve: use of undeclared type `PathKind`

   --> mutant.rs:443:10889

    |

443 | ...d { let lib_path = sess . target_filesearch ( PathKind :: All ) . get_self_contained_lib_path ( ) ; cmd . include_path ( & fix_windows...

    |                                                  ^^^^^^^^ use of undeclared type `PathKind`



error[E0433]: failed to resolve: use of undeclared type `RelroLevel`

   --> mutant.rs:443:11198

    |

443 | ...target . target . options . relro_level ) { RelroLevel :: Full => cmd . full_relro ( ) , RelroLevel :: Partial => cmd . partial_relro ...

    |                                                ^^^^^^^^^^ use of undeclared type `RelroLevel`



error[E0433]: failed to resolve: use of undeclared type `RelroLevel`

   --> mutant.rs:443:11243

    |

443 | ...elroLevel :: Full => cmd . full_relro ( ) , RelroLevel :: Partial => cmd . partial_relro ( ) , RelroLevel :: Off => cmd . no_relro ( )...

    |                                                ^^^^^^^^^^ use of undeclared type `RelroLevel`



error[E0433]: failed to resolve: use of undeclared type `RelroLevel`

   --> mutant.rs:443:11294

    |

443 | ...vel :: Partial => cmd . partial_relro ( ) , RelroLevel :: Off => cmd . no_relro ( ) , RelroLevel :: None => { } } } fn add_rpath_args ...

    |                                                ^^^^^^^^^^ use of undeclared type `RelroLevel`



error[E0433]: failed to resolve: use of undeclared type `RelroLevel`

   --> mutant.rs:443:11336

    |

443 | ..., RelroLevel :: Off => cmd . no_relro ( ) , RelroLevel :: None => { } } } fn add_rpath_args ( cmd : & mut dyn Linker , sess : & Sessio...

    |                                                ^^^^^^^^^^ use of undeclared type `RelroLevel`



error[E0433]: failed to resolve: use of undeclared crate or module `rpath`

   --> mutant.rs:443:12313

    |

443 | ...stall_prefix_lib_path , } ; cmd . args ( & rpath :: get_rpath_flags ( & mut rpath_config ) ) ; } } fn linker_with_args < 'a , B : Arch...

    |                                               ^^^^^ use of undeclared crate or module `rpath`



error[E0433]: failed to resolve: use of undeclared type `CrateType`

   --> mutant.rs:443:13261

    |

443 | .... options . is_like_fuchsia && crate_type == CrateType :: Executable { let prefix = if sess . opts . debugging_opts . sanitizer . cont...

    |                                                 ^^^^^^^^^ use of undeclared type `CrateType`



error[E0433]: failed to resolve: use of undeclared type `SanitizerSet`

   --> mutant.rs:443:13357

    |

443 | .... debugging_opts . sanitizer . contains ( SanitizerSet :: ADDRESS ) { "asan/" } else { "" } ; cmd . arg ( format ! ( "--dynamic-linker...

    |                                              ^^^^^^^^^^^^ use of undeclared type `SanitizerSet`



error[E0433]: failed to resolve: use of undeclared type `PanicStrategy`

   --> mutant.rs:443:13827

    |

443 | ... . arg ( if sess . panic_strategy ( ) == PanicStrategy :: Abort { "DISABLE_EXCEPTION_CATCHING=1" } else { "DISABLE_EXCEPTION_CATCHING=...

    |                                             ^^^^^^^^^^^^^ use of undeclared type `PanicStrategy`



error[E0433]: failed to resolve: use of undeclared type `CrateType`

   --> mutant.rs:443:14189

    |

443 | ...filename ( out_filename ) ; if crate_type == CrateType :: Executable && sess . target . target . options . is_like_windows { if let So...

    |                                                 ^^^^^^^^^ use of undeclared type `CrateType`



error[E0433]: failed to resolve: use of undeclared type `CrateType`

   --> mutant.rs:443:14609

    |

443 | ...code ( ) { let keep_metadata = crate_type == CrateType :: Dylib ; cmd . gc_sections ( keep_metadata ) ; } cmd . set_output_kind ( link...

    |                                                 ^^^^^^^^^ use of undeclared type `CrateType`



error[E0433]: failed to resolve: use of undeclared type `CFGuard`

   --> mutant.rs:443:15284

    |

443 | ... } if sess . opts . cg . control_flow_guard != CFGuard :: Disabled { cmd . control_flow_guard ( ) ; } add_rpath_args ( cmd , sess , co...

    |                                                   ^^^^^^^ use of undeclared type `CFGuard`



error[E0433]: failed to resolve: use of undeclared type `PathKind`

   --> mutant.rs:443:15871

    |

443 | ...{ let filesearch = sess . target_filesearch ( PathKind :: All ) ; for search_path in filesearch . search_paths ( ) { match search_path...

    |                                                  ^^^^^^^^ use of undeclared type `PathKind`



error[E0433]: failed to resolve: use of undeclared type `PathKind`

   --> mutant.rs:443:15969

    |

443 | ...search_paths ( ) { match search_path . kind { PathKind :: Framework => { cmd . framework_path ( & search_path . dir ) ; } _ => { cmd ....

    |                                                  ^^^^^^^^ use of undeclared type `PathKind`



error[E0433]: failed to resolve: use of undeclared type `NativeLibKind`

   --> mutant.rs:443:16429

    |

443 | ...one => continue , } ; match lib . kind { NativeLibKind :: Dylib | NativeLibKind :: Unspecified => cmd . link_dylib ( name ) , NativeLi...

    |                                             ^^^^^^^^^^^^^ use of undeclared type `NativeLibKind`



error[E0433]: failed to resolve: use of undeclared type `NativeLibKind`

   --> mutant.rs:443:16454

    |

443 | ...ch lib . kind { NativeLibKind :: Dylib | NativeLibKind :: Unspecified => cmd . link_dylib ( name ) , NativeLibKind :: Framework => cmd...

    |                                             ^^^^^^^^^^^^^ use of undeclared type `NativeLibKind`



error[E0433]: failed to resolve: use of undeclared type `NativeLibKind`

   --> mutant.rs:443:16514

    |

443 | ...specified => cmd . link_dylib ( name ) , NativeLibKind :: Framework => cmd . link_framework ( name ) , NativeLibKind :: StaticNoBundle...

    |                                             ^^^^^^^^^^^^^ use of undeclared type `NativeLibKind`



error[E0433]: failed to resolve: use of undeclared type `NativeLibKind`

   --> mutant.rs:443:16576

    |

443 | ...ework => cmd . link_framework ( name ) , NativeLibKind :: StaticNoBundle => cmd . link_staticlib ( name ) , NativeLibKind :: StaticBun...

    |                                             ^^^^^^^^^^^^^ use of undeclared type `NativeLibKind`



error[E0433]: failed to resolve: use of undeclared type `NativeLibKind`

   --> mutant.rs:443:16643

    |

443 | ...undle => cmd . link_staticlib ( name ) , NativeLibKind :: StaticBundle => cmd . link_whole_staticlib ( name , & search_path ) , Native...

    |                                             ^^^^^^^^^^^^^ use of undeclared type `NativeLibKind`



error[E0433]: failed to resolve: use of undeclared type `NativeLibKind`

   --> mutant.rs:443:16730

    |

443 | ...ole_staticlib ( name , & search_path ) , NativeLibKind :: RawDylib => { bug ! ( "raw_dylib feature not yet implemented" ) ; } } } } fn...

    |                                             ^^^^^^^^^^^^^ use of undeclared type `NativeLibKind`



error[E0433]: failed to resolve: use of undeclared type `FxHashSet`

   --> mutant.rs:443:17353

    |

443 | ...mut group_start = None ; let mut available = FxHashSet :: default ( ) ; let mut required = FxHashSet :: default ( ) ; let info = & cod...

    |                                                 ^^^^^^^^^ use of undeclared type `FxHashSet`



error[E0433]: failed to resolve: use of undeclared type `FxHashSet`

   --> mutant.rs:443:17399

    |

443 | ...xHashSet :: default ( ) ; let mut required = FxHashSet :: default ( ) ; let info = & codegen_results . crate_info ; for & ( cnum , _ )...

    |                                                 ^^^^^^^^^ use of undeclared type `FxHashSet`



error[E0433]: failed to resolve: use of undeclared type `Linkage`

   --> mutant.rs:443:18694

    |

443 | ... ( ) ) ; compiler_builtins = Some ( cnum ) ; } Linkage :: NotLinked | Linkage :: IncludedFromDylib => { } Linkage :: Static => { add_s...

    |                                                   ^^^^^^^ use of undeclared type `Linkage`



error[E0433]: failed to resolve: use of undeclared type `Linkage`

   --> mutant.rs:443:18717

    |

443 | ...ins = Some ( cnum ) ; } Linkage :: NotLinked | Linkage :: IncludedFromDylib => { } Linkage :: Static => { add_static_crate :: < B > ( ...

    |                                                   ^^^^^^^ use of undeclared type `Linkage`



error[E0433]: failed to resolve: use of undeclared type `Linkage`

   --> mutant.rs:443:18753

    |

443 | ...otLinked | Linkage :: IncludedFromDylib => { } Linkage :: Static => { add_static_crate :: < B > ( cmd , sess , codegen_results , tmpdi...

    |                                                   ^^^^^^^ use of undeclared type `Linkage`



error[E0433]: failed to resolve: use of undeclared type `Linkage`

   --> mutant.rs:443:18868

    |

443 | ...gen_results , tmpdir , crate_type , cnum ) ; } Linkage :: Dynamic => add_dynamic_crate ( cmd , sess , & src . dylib . as_ref ( ) . unw...

    |                                                   ^^^^^^^ use of undeclared type `Linkage`



error[E0433]: failed to resolve: use of undeclared type `NativeLibKind`

   --> mutant.rs:443:19856

    |

443 | .... iter ( ) . any ( | lib | lib . kind == NativeLibKind :: StaticBundle && ! relevant_lib ( sess , lib ) ) ; if ( ! are_upstream_rust_o...

    |                                             ^^^^^^^^^^^^^ use of undeclared type `NativeLibKind`



error[E0433]: failed to resolve: use of undeclared type `CrateType`

   --> mutant.rs:443:20069

    |

443 | ...lts . crate_info , cnum ) ) && crate_type != CrateType :: Dylib && ! skip_native { cmd . link_rlib ( & fix_windows_verbatim_for_gcc ( ...

    |                                                 ^^^^^^^^^ use of undeclared type `CrateType`



error[E0433]: failed to resolve: use of undeclared type `ArchiveBuilder`

   --> mutant.rs:443:20490

    |

443 | ...) . run ( || { let mut archive = < B as ArchiveBuilder > :: new ( sess , & dst , Some ( cratepath ) ) ; archive . update_symbols ( ) ;...

    |                                            ^^^^^^^^^^^^^^ use of undeclared type `ArchiveBuilder`



error[E0433]: failed to resolve: use of undeclared type `CrateType`

   --> mutant.rs:460:18

    |

460 | if crate_type == CrateType :: Dylib

    |                  ^^^^^^^^^ use of undeclared type `CrateType`



error[E0433]: failed to resolve: use of undeclared type `NativeLibKind`

   --> mutant.rs:504:1

    |

504 | NativeLibKind :: Dylib | NativeLibKind :: Unspecified => cmd . link_dylib ( name ) ,

    | ^^^^^^^^^^^^^ use of undeclared type `NativeLibKind`



error[E0433]: failed to resolve: use of undeclared type `NativeLibKind`

   --> mutant.rs:504:26

    |

504 | NativeLibKind :: Dylib | NativeLibKind :: Unspecified => cmd . link_dylib ( name ) ,

    |                          ^^^^^^^^^^^^^ use of undeclared type `NativeLibKind`



error[E0433]: failed to resolve: use of undeclared type `NativeLibKind`

   --> mutant.rs:505:1

    |

505 | NativeLibKind :: Framework => cmd . link_framework ( name ) ,

    | ^^^^^^^^^^^^^ use of undeclared type `NativeLibKind`



error[E0433]: failed to resolve: use of undeclared type `NativeLibKind`

   --> mutant.rs:506:1

    |

506 | NativeLibKind :: StaticNoBundle => {

    | ^^^^^^^^^^^^^ use of undeclared type `NativeLibKind`



error[E0433]: failed to resolve: use of undeclared type `Linkage`

   --> mutant.rs:507:40

    |

507 | if data [ cnum . as_usize ( ) - 1 ] == Linkage :: Static {

    |                                        ^^^^^^^ use of undeclared type `Linkage`



error[E0433]: failed to resolve: use of undeclared type `NativeLibKind`

   --> mutant.rs:511:1

    |

511 | NativeLibKind :: StaticBundle => { }

    | ^^^^^^^^^^^^^ use of undeclared type `NativeLibKind`



error[E0433]: failed to resolve: use of undeclared type `NativeLibKind`

   --> mutant.rs:512:1

    |

512 | NativeLibKind :: RawDylib => {

    | ^^^^^^^^^^^^^ use of undeclared type `NativeLibKind`



error[E0433]: failed to resolve: use of undeclared crate or module `rustc_attr`

   --> mutant.rs:521:21

    |

521 | Some ( ref cfg ) => rustc_attr :: cfg_matches ( cfg , & sess . parse_sess , None ) ,

    |                     ^^^^^^^^^^ use of undeclared crate or module `rustc_attr`



error[E0433]: failed to resolve: use of undeclared type `LinkerFlavor`

   --> mutant.rs:540:14

    |

540 | || flavor != LinkerFlavor :: Gcc

    |              ^^^^^^^^^^^^ use of undeclared type `LinkerFlavor`



error[E0405]: cannot find trait `ArchiveBuilder` in this scope

  --> mutant.rs:33:31

   |

33 | pub fn link_binary < 'a , B : ArchiveBuilder < 'a > > (

   |                               ^^^^^^^^^^^^^^ not found in this scope



error[E0412]: cannot find type `OutputFilenames` in this scope

  --> mutant.rs:36:13

   |

36 | outputs : & OutputFilenames ,

   |             ^^^^^^^^^^^^^^^ not found in this scope



error[E0425]: cannot find function `invalid_output_for_target` in this scope

  --> mutant.rs:49:4

   |

49 | if invalid_output_for_target ( sess , crate_type ) {

   |    ^^^^^^^^^^^^^^^^^^^^^^^^^ not found in this scope



error[E0425]: cannot find function `check_file_is_writeable` in this scope

  --> mutant.rs:58:1

   |

58 | check_file_is_writeable ( obj , sess ) ;

   | ^^^^^^^^^^^^^^^^^^^^^^^ not found in this scope



error[E0425]: cannot find function `out_filename` in this scope

  --> mutant.rs:67:20

   |

67 | let out_filename = out_filename ( sess , crate_type , outputs , crate_name ) ;

   |                    ^^^^^^^^^^^^ not found in this scope



error[E0412]: cannot find type `LinkerFlavor` in this scope

   --> mutant.rs:118:10

    |

118 | flavor : LinkerFlavor ,

    |          ^^^^^^^^^^^^ not found in this scope



error[E0412]: cannot find type `Command` in this scope

   --> mutant.rs:120:6

    |

120 | ) -> Command {

    |      ^^^^^^^ not found in this scope

    |

help: consider importing this struct

    |

1   | use std::process::Command;

    |



error[E0433]: failed to resolve: use of undeclared type `Command`

   --> mutant.rs:123:74

    |

123 | Some ( linker ) if cfg ! ( windows ) && linker . ends_with ( ".bat" ) => Command :: bat_script ( linker ) ,

    |                                                                          ^^^^^^^ not found in this scope

    |

help: consider importing this struct

    |

1   | use std::process::Command;

    |



error[E0433]: failed to resolve: use of undeclared type `Command`

   --> mutant.rs:125:30

    |

125 | LinkerFlavor :: Lld ( f ) => Command :: lld ( linker , f ) ,

    |                              ^^^^^^^ not found in this scope

    |

help: consider importing this struct

    |

1   | use std::process::Command;

    |



error[E0433]: failed to resolve: use of undeclared type `Command`

   --> mutant.rs:129:1

    |

129 | Command :: new ( msvc_tool . as_ref ( ) . map ( | t | t . path ( ) ) . unwrap_or ( linker ) )

    | ^^^^^^^ not found in this scope

    |

help: consider importing this struct

    |

1   | use std::process::Command;

    |



error[E0433]: failed to resolve: use of undeclared type `Command`

   --> mutant.rs:131:6

    |

131 | _ => Command :: new ( linker ) ,

    |      ^^^^^^^ not found in this scope

    |

help: consider importing this struct

    |

1   | use std::process::Command;

    |



error[E0412]: cannot find type `CrateNum` in this scope

   --> mutant.rs:187:23

    |

187 | f : & mut dyn FnMut ( CrateNum , & Path ) ,

    |                       ^^^^^^^^ not found in this scope



error[E0412]: cannot find type `EncodedMetadata` in this scope

   --> mutant.rs:228:56

    |

228 | pub fn emit_metadata ( sess : & Session , metadata : & EncodedMetadata , tmpdir : & MaybeTempDir ) -> PathBuf {

    |                                                        ^^^^^^^^^^^^^^^ not found in this scope



error[E0412]: cannot find type `MaybeTempDir` in this scope

   --> mutant.rs:228:85

    |

228 | pub fn emit_metadata ( sess : & Session , metadata : & EncodedMetadata , tmpdir : & MaybeTempDir ) -> PathBuf {

    |                                                                                     ^^^^^^^^^^^^ not found in this scope



error[E0405]: cannot find trait `ArchiveBuilder` in this scope

   --> mutant.rs:236:25

    |

236 | fn link_rlib < 'a , B : ArchiveBuilder < 'a > > (

    |                         ^^^^^^^^^^^^^^ not found in this scope



error[E0412]: cannot find type `MaybeTempDir` in this scope

   --> mutant.rs:241:12

    |

241 | tmpdir : & MaybeTempDir ,

    |            ^^^^^^^^^^^^ not found in this scope



error[E0405]: cannot find trait `ArchiveBuilder` in this scope

   --> mutant.rs:278:30

    |

278 | fn link_staticlib < 'a , B : ArchiveBuilder < 'a > > (

    |                              ^^^^^^^^^^^^^^ not found in this scope



error[E0412]: cannot find type `MaybeTempDir` in this scope

   --> mutant.rs:282:13

    |

282 | tempdir : & MaybeTempDir ,

    |             ^^^^^^^^^^^^ not found in this scope



error[E0405]: cannot find trait `ArchiveBuilder` in this scope

   --> mutant.rs:314:29

    |

314 | fn link_natively < 'a , B : ArchiveBuilder < 'a > > (

    |                             ^^^^^^^^^^^^^^ not found in this scope



error[E0412]: cannot find type `CrateType` in this scope

   --> mutant.rs:316:14

    |

316 | crate_type : CrateType ,

    |              ^^^^^^^^^ not found in this scope



error[E0412]: cannot find type `CrtObjects` in this scope

   --> mutant.rs:402:33

    |

402 | let get_objects = | objects : & CrtObjects , kind | {

    |                                 ^^^^^^^^^^ not found in this scope



error[E0425]: cannot find value `is_rust_object` in this scope

   --> mutant.rs:432:1

    |

432 | is_rust_object || i > 3 { break ; } let msg_segv = "clang: error: unable to execute command: Segmentation fault: 11" ; let msg_bus = "cla...

    | ^^^^^^^^^^^^^^ not found in this scope



error[E0433]: failed to resolve: use of undeclared type `Command`

   --> mutant.rs:441:275

    |

441 | ..._for_their_debuginfo ( sess ) { if let Err ( e ) = Command :: new ( "dsymutil" ) . arg ( out_filename ) . output ( ) { sess . fatal ( ...

    |                                                       ^^^^^^^ not found in this scope

    |

help: consider importing this struct

    |

1   | use std::process::Command;

    |



error[E0412]: cannot find type `CrateType` in this scope

   --> mutant.rs:441:467

    |

441 | ...link_sanitizers ( sess : & Session , crate_type : CrateType , linker : & mut dyn Linker ) { let needs_runtime = match crate_type { Cra...

    |                                                      ^^^^^^^^^ not found in this scope



error[E0405]: cannot find trait `Linker` in this scope

   --> mutant.rs:441:498

    |

441 | ...ssion , crate_type : CrateType , linker : & mut dyn Linker ) { let needs_runtime = match crate_type { CrateType :: Executable => true ...

    |                                                        ^^^^^^ not found in this scope



error[E0405]: cannot find trait `Linker` in this scope

   --> mutant.rs:441:1346

    |

441 | ...zer_runtime ( sess : & Session , linker : & mut dyn Linker , name : & str ) { let default_sysroot = filesearch :: get_or_default_sysro...

    |                                                        ^^^^^^ not found in this scope



error[E0433]: failed to resolve: use of undeclared type `Symbol`

   --> mutant.rs:441:1990

    |

441 | ...h" , "-Xlinker" , rpath ] ) ; linker . link_dylib ( Symbol :: intern ( & libname ) ) ; } "aarch64-fuchsia" | "aarch64-unknown-linux-gn...

    |                                                        ^^^^^^ not found in this scope

    |

help: consider importing one of these items

    |

1   | use io::stdio::sys_common::backtrace::backtrace_rs::Symbol;

    |

1   | use io::stdio::sys_common::backtrace::backtrace_rs::symbolize::gimli::Symbol;

    |



error[E0412]: cannot find type `CrateNum` in this scope

   --> mutant.rs:441:2396

    |

441 | ...o ( sess : & Session , info : & CrateInfo , cnum : CrateNum ) -> bool { ! sess . target . target . options . no_builtins && ( info . c...

    |                                                       ^^^^^^^^ not found in this scope



error[E0412]: cannot find type `LinkerFlavor` in this scope

   --> mutant.rs:441:2621

    |

441 | ...r_and_flavor ( sess : & Session ) -> ( PathBuf , LinkerFlavor ) { fn infer_from ( sess : & Session , linker : Option < PathBuf > , fla...

    |                                                     ^^^^^^^^^^^^ not found in this scope



error[E0412]: cannot find type `LinkerFlavor` in this scope

   --> mutant.rs:441:2721

    |

441 | ... fn infer_from ( sess : & Session , linker : Option < PathBuf > , flavor : Option < LinkerFlavor > , ) -> Option < ( PathBuf , LinkerF...

    |                  - help: you might be missing a type parameter: `<LinkerFlavor>`       ^^^^^^^^^^^^ not found in this scope



error[E0412]: cannot find type `LinkerFlavor` in this scope

   --> mutant.rs:441:2764

    |

441 | ...rom ( sess : & Session , linker : Option < PathBuf > , flavor : Option < LinkerFlavor > , ) -> Option < ( PathBuf , LinkerFlavor ) > {...

    |       - help: you might be missing a type parameter: `<LinkerFlavor>`                                                  ^^^^^^^^^^^^ not found in this scope



error[E0412]: cannot find type `NativeLib` in this scope

   --> mutant.rs:441:5209

    |

441 | ...c_libs ( sess : & Session , all_native_libs : & [ NativeLib ] ) { let lib_args : Vec < _ > = all_native_libs . iter ( ) . filter ( | l...

    |                                                      ^^^^^^^^^ not found in this scope



error[E0412]: cannot find type `Command` in this scope

   --> mutant.rs:443:803

    |

443 | ...me ) } fn exec_linker ( sess : & Session , cmd : & Command , out_filename : & Path , tmpdir : & Path , ) -> io :: Result < Output > { ...

    |                                                       ^^^^^^^ not found in this scope

    |

help: consider importing this struct

    |

1   | use std::process::Command;

    |



error[E0412]: cannot find type `CrateType` in this scope

   --> mutant.rs:443:3658

    |

443 | ...ink_output_kind ( sess : & Session , crate_type : CrateType ) -> LinkOutputKind { let kind = match ( crate_type , sess . crt_static ( ...

    |                                                      ^^^^^^^^^ not found in this scope



error[E0412]: cannot find type `LinkOutputKind` in this scope

   --> mutant.rs:443:3673

    |

443 | ... sess : & Session , crate_type : CrateType ) -> LinkOutputKind { let kind = match ( crate_type , sess . crt_static ( Some ( crate_type...

    |                                                    ^^^^^^^^^^^^^^ not found in this scope



error[E0412]: cannot find type `CrateType` in this scope

   --> mutant.rs:443:5445

    |

443 | ...bjects_fallback ( sess : & Session , crate_type : CrateType ) -> bool { if let Some ( self_contained ) = sess . opts . cg . link_self_...

    |                                                      ^^^^^^^^^ not found in this scope



error[E0405]: cannot find trait `Linker` in this scope

   --> mutant.rs:443:5997

    |

443 | ...lse , } } fn add_pre_link_objects ( cmd : & mut dyn Linker , sess : & Session , link_output_kind : LinkOutputKind , self_contained : b...

    |                                                        ^^^^^^ not found in this scope



error[E0412]: cannot find type `LinkOutputKind` in this scope

   --> mutant.rs:443:6044

    |

443 | ... Linker , sess : & Session , link_output_kind : LinkOutputKind , self_contained : bool , ) { let opts = & sess . target . target . opt...

    |                                                    ^^^^^^^^^^^^^^ not found in this scope



error[E0405]: cannot find trait `Linker` in this scope

   --> mutant.rs:443:6458

    |

443 | ... ) ; } } fn add_post_link_objects ( cmd : & mut dyn Linker , sess : & Session , link_output_kind : LinkOutputKind , self_contained : b...

    |                                                        ^^^^^^ not found in this scope



error[E0412]: cannot find type `LinkOutputKind` in this scope

   --> mutant.rs:443:6505

    |

443 | ... Linker , sess : & Session , link_output_kind : LinkOutputKind , self_contained : bool , ) { let opts = & sess . target . target . opt...

    |                                                    ^^^^^^^^^^^^^^ not found in this scope



error[E0405]: cannot find trait `Linker` in this scope

   --> mutant.rs:443:6917

    |

443 | ...ed ) ) ; } } fn add_pre_link_args ( cmd : & mut dyn Linker , sess : & Session , flavor : LinkerFlavor ) { if let Some ( args ) = sess ...

    |                                                        ^^^^^^ not found in this scope



error[E0412]: cannot find type `LinkerFlavor` in this scope

   --> mutant.rs:443:6954

    |

443 | ...: & mut dyn Linker , sess : & Session , flavor : LinkerFlavor ) { if let Some ( args ) = sess . target . target . options . pre_link_a...

    |                                                     ^^^^^^^^^^^^ not found in this scope



error[E0405]: cannot find trait `Linker` in this scope

   --> mutant.rs:443:7191

    |

443 | ...ink_args ) ; } fn add_link_script ( cmd : & mut dyn Linker , sess : & Session , tmpdir : & Path , crate_type : CrateType ) { match ( c...

    |                                                        ^^^^^^ not found in this scope



error[E0412]: cannot find type `CrateType` in this scope

   --> mutant.rs:443:7250

    |

443 | ...sess : & Session , tmpdir : & Path , crate_type : CrateType ) { match ( crate_type , & sess . target . target . options . link_script ...

    |                                                      ^^^^^^^^^ not found in this scope



error[E0405]: cannot find trait `Linker` in this scope

   --> mutant.rs:443:7957

    |

443 | ...} } fn add_user_defined_link_args ( cmd : & mut dyn Linker , sess : & Session , codegen_results : & CodegenResults , ) { cmd . args ( ...

    |                                                        ^^^^^^ not found in this scope



error[E0405]: cannot find trait `Linker` in this scope

   --> mutant.rs:443:8178

    |

443 | ..._args ) ; } fn add_late_link_args ( cmd : & mut dyn Linker , sess : & Session , flavor : LinkerFlavor , crate_type : CrateType , codeg...

    |                                                        ^^^^^^ not found in this scope



error[E0412]: cannot find type `LinkerFlavor` in this scope

   --> mutant.rs:443:8215

    |

443 | ...: & mut dyn Linker , sess : & Session , flavor : LinkerFlavor , crate_type : CrateType , codegen_results : & CodegenResults , ) { let ...

    |                                                     ^^^^^^^^^^^^ not found in this scope



error[E0412]: cannot find type `CrateType` in this scope

   --> mutant.rs:443:8243

    |

443 | ... & Session , flavor : LinkerFlavor , crate_type : CrateType , codegen_results : & CodegenResults , ) { let any_dynamic_crate = crate_t...

    |                                                      ^^^^^^^^^ not found in this scope



error[E0405]: cannot find trait `Linker` in this scope

   --> mutant.rs:443:8988

    |

443 | ...rgs ) ; } } fn add_post_link_args ( cmd : & mut dyn Linker , sess : & Session , flavor : LinkerFlavor ) { if let Some ( args ) = sess ...

    |                                                        ^^^^^^ not found in this scope



error[E0412]: cannot find type `LinkerFlavor` in this scope

   --> mutant.rs:443:9025

    |

443 | ...: & mut dyn Linker , sess : & Session , flavor : LinkerFlavor ) { if let Some ( args ) = sess . target . target . options . post_link_...

    |                                                     ^^^^^^^^^^^^ not found in this scope



error[E0405]: cannot find trait `Linker` in this scope

   --> mutant.rs:443:9215

    |

443 | ...n add_local_crate_regular_objects ( cmd : & mut dyn Linker , codegen_results : & CodegenResults ) { for obj in codegen_results . modul...

    |                                                        ^^^^^^ not found in this scope



error[E0405]: cannot find trait `Linker` in this scope

   --> mutant.rs:443:9446

    |

443 | ...add_local_crate_allocator_objects ( cmd : & mut dyn Linker , codegen_results : & CodegenResults ) { if let Some ( obj ) = codegen_resu...

    |                                                        ^^^^^^ not found in this scope



error[E0405]: cannot find trait `Linker` in this scope

   --> mutant.rs:443:9696

    |

443 | ... add_local_crate_metadata_objects ( cmd : & mut dyn Linker , crate_type : CrateType , codegen_results : & CodegenResults , ) { if crat...

    |                                                        ^^^^^^ not found in this scope



error[E0412]: cannot find type `CrateType` in this scope

   --> mutant.rs:443:9718

    |

443 | ...a_objects ( cmd : & mut dyn Linker , crate_type : CrateType , codegen_results : & CodegenResults , ) { if crate_type == CrateType :: D...

    |                                                      ^^^^^^^^^ not found in this scope



error[E0405]: cannot find trait `ArchiveBuilder` in this scope

   --> mutant.rs:443:10066

    |

443 | ...native_libs_and_dependent_crate_libs < 'a , B : ArchiveBuilder < 'a > > ( cmd : & mut dyn Linker , sess : & 'a Session , crate_type : ...

    |                                                    ^^^^^^^^^^^^^^ not found in this scope



error[E0405]: cannot find trait `Linker` in this scope

   --> mutant.rs:443:10108

    |

443 | ... 'a , B : ArchiveBuilder < 'a > > ( cmd : & mut dyn Linker , sess : & 'a Session , crate_type : CrateType , codegen_results : & Codege...

    |                                                        ^^^^^^ not found in this scope



error[E0412]: cannot find type `CrateType` in this scope

   --> mutant.rs:443:10152

    |

443 | ...t dyn Linker , sess : & 'a Session , crate_type : CrateType , codegen_results : & CodegenResults , tmpdir : & Path , ) { if sess . opt...

    |                                                      ^^^^^^^^^ not found in this scope



error[E0405]: cannot find trait `Linker` in this scope

   --> mutant.rs:443:10621

    |

443 | ... ; } } fn add_library_search_dirs ( cmd : & mut dyn Linker , sess : & Session , self_contained : bool ) { let lib_path = sess . target...

    |                                                        ^^^^^^ not found in this scope



error[E0405]: cannot find trait `Linker` in this scope

   --> mutant.rs:443:11054

    |

443 | ..._path ) ) ; } } fn add_relro_args ( cmd : & mut dyn Linker , sess : & Session ) { match sess . opts . debugging_opts . relro_level . u...

    |                                                        ^^^^^^ not found in this scope



error[E0405]: cannot find trait `Linker` in this scope

   --> mutant.rs:443:11402

    |

443 | ...None => { } } } fn add_rpath_args ( cmd : & mut dyn Linker , sess : & Session , codegen_results : & CodegenResults , out_filename : & ...

    |                                                        ^^^^^^ not found in this scope



error[E0422]: cannot find struct, variant or union type `RPathConfig` in this scope

   --> mutant.rs:443:11908

    |

443 | ...ush ( & tlib ) ; path } ; let mut rpath_config = RPathConfig { used_crates : & codegen_results . crate_info . used_crates_dynamic , ou...

    |                                                     ^^^^^^^^^^^ not found in this scope



error[E0405]: cannot find trait `ArchiveBuilder` in this scope

   --> mutant.rs:443:12400

    |

443 | ...config ) ) ; } } fn linker_with_args < 'a , B : ArchiveBuilder < 'a > > ( path : & Path , flavor : LinkerFlavor , sess : & 'a Session ...

    |                                                    ^^^^^^^^^^^^^^ not found in this scope



error[E0412]: cannot find type `LinkerFlavor` in this scope

   --> mutant.rs:443:12451

    |

443 | ...chiveBuilder < 'a > > ( path : & Path , flavor : LinkerFlavor , sess : & 'a Session , crate_type : CrateType , tmpdir : & Path , out_f...

    |                                                     ^^^^^^^^^^^^ not found in this scope



error[E0412]: cannot find type `CrateType` in this scope

   --> mutant.rs:443:12501

    |

443 | ...LinkerFlavor , sess : & 'a Session , crate_type : CrateType , tmpdir : & Path , out_filename : & Path , codegen_results : & CodegenRes...

    |                                                      ^^^^^^^^^ not found in this scope



error[E0412]: cannot find type `Command` in this scope

   --> mutant.rs:443:12618

    |

443 | ...lts : & CodegenResults , target_cpu : & str , ) -> Command { let crt_objects_fallback = crt_objects_fallback ( sess , crate_type ) ; l...

    |                                                       ^^^^^^^ not found in this scope

    |

help: consider importing this struct

    |

1   | use std::process::Command;

    |



error[E0405]: cannot find trait `Linker` in this scope

   --> mutant.rs:443:15758

    |

443 | ...) } fn add_local_native_libraries ( cmd : & mut dyn Linker , sess : & Session , codegen_results : & CodegenResults , ) { let filesearc...

    |                                                        ^^^^^^ not found in this scope



error[E0405]: cannot find trait `ArchiveBuilder` in this scope

   --> mutant.rs:443:16860

    |

443 | ... } } } } fn add_upstream_rust_crates < 'a , B : ArchiveBuilder < 'a > > ( cmd : & mut dyn Linker , sess : & 'a Session , codegen_resul...

    |                                                    ^^^^^^^^^^^^^^ not found in this scope



error[E0405]: cannot find trait `Linker` in this scope

   --> mutant.rs:443:16902

    |

443 | ... 'a , B : ArchiveBuilder < 'a > > ( cmd : & mut dyn Linker , sess : & 'a Session , codegen_results : & CodegenResults , crate_type : C...

    |                                                        ^^^^^^ not found in this scope



error[E0412]: cannot find type `CrateType` in this scope

   --> mutant.rs:443:16983

    |

443 | ...codegen_results : & CodegenResults , crate_type : CrateType , tmpdir : & Path , ) { let ( _ , data ) = codegen_results . crate_info . ...

    |                                                      ^^^^^^^^^ not found in this scope



error[E0405]: cannot find trait `ArchiveBuilder` in this scope

   --> mutant.rs:443:19394

    |

443 | ... else { stem } } fn add_static_crate < 'a , B : ArchiveBuilder < 'a > > ( cmd : & mut dyn Linker , sess : & 'a Session , codegen_resul...

    |                                                    ^^^^^^^^^^^^^^ not found in this scope



error[E0405]: cannot find trait `Linker` in this scope

   --> mutant.rs:443:19436

    |

443 | ... 'a , B : ArchiveBuilder < 'a > > ( cmd : & mut dyn Linker , sess : & 'a Session , codegen_results : & CodegenResults , tmpdir : & Pat...

    |                                                        ^^^^^^ not found in this scope



error[E0412]: cannot find type `CrateType` in this scope

   --> mutant.rs:443:19535

    |

443 | ...& CodegenResults , tmpdir : & Path , crate_type : CrateType , cnum : CrateNum , ) { let src = & codegen_results . crate_info . used_cr...

    |                                                      ^^^^^^^^^ not found in this scope



error[E0412]: cannot find type `CrateNum` in this scope

   --> mutant.rs:443:19554

    |

443 | ... tmpdir : & Path , crate_type : CrateType , cnum : CrateNum , ) { let src = & codegen_results . crate_info . used_crate_source [ & cnu...

    |                                                       ^^^^^^^^ not found in this scope



error[E0405]: cannot find trait `Linker` in this scope

   --> mutant.rs:469:40

    |

469 | fn add_dynamic_crate ( cmd : & mut dyn Linker , sess : & Session , cratepath : & Path ) {

    |                                        ^^^^^^ not found in this scope



error[E0433]: failed to resolve: use of undeclared type `Symbol`

   --> mutant.rs:476:1

    |

476 | Symbol :: intern ( & unlib ( & sess . target , filestem ) ) ,

    | ^^^^^^ not found in this scope

    |

help: consider importing one of these items

    |

1   | use io::stdio::sys_common::backtrace::backtrace_rs::Symbol;

    |

1   | use io::stdio::sys_common::backtrace::backtrace_rs::symbolize::gimli::Symbol;

    |



error[E0405]: cannot find trait `Linker` in this scope

   --> mutant.rs:482:17

    |

482 | cmd : & mut dyn Linker ,

    |                 ^^^^^^ not found in this scope



error[E0412]: cannot find type `CrateType` in this scope

   --> mutant.rs:485:14

    |

485 | crate_type : CrateType ,

    |              ^^^^^^^^^ not found in this scope



error[E0412]: cannot find type `NativeLib` in this scope

   --> mutant.rs:519:46

    |

519 | fn relevant_lib ( sess : & Session , lib : & NativeLib ) -> bool {

    |                                              ^^^^^^^^^ not found in this scope



error[E0405]: cannot find trait `Linker` in this scope

   --> mutant.rs:534:36

    |

534 | fn add_apple_sdk ( cmd : & mut dyn Linker , sess : & Session , flavor : LinkerFlavor ) {

    |                                    ^^^^^^ not found in this scope



error[E0412]: cannot find type `LinkerFlavor` in this scope

   --> mutant.rs:534:73

    |

534 | fn add_apple_sdk ( cmd : & mut dyn Linker , sess : & Session , flavor : LinkerFlavor ) {

    |                                                                         ^^^^^^^^^^^^ not found in this scope



error[E0433]: failed to resolve: use of undeclared type `Command`

   --> mutant.rs:590:1

    |

590 | Command :: new ( "xcrun" ) . arg ( "--show-sdk-path" ) . arg ( "-sdk" ) . arg ( sdk_name ) . output ( ) . and_then (

    | ^^^^^^^ not found in this scope

    |

help: consider importing this struct

    |

1   | use std::process::Command;

    |



error: aborting due to 267 previous errors



Some errors have detailed explanations: E0405, E0412, E0422, E0425, E0432, E0433.

For more information about an error, try `rustc --explain E0405`.

