error: expected expression, found `>`

   --> mutant.rs:805:20

    |

805 | out . push ( ( c > > 8 ) as u8 ) ;

    |                    ^ expected expression



error[E0433]: failed to resolve: maybe a missing crate `rustc_data_structures`?

 --> mutant.rs:1:5

  |

1 | use rustc_data_structures :: fx :: FxHashSet ;

  |     ^^^^^^^^^^^^^^^^^^^^^ maybe a missing crate `rustc_data_structures`?



error[E0433]: failed to resolve: maybe a missing crate `rustc_data_structures`?

 --> mutant.rs:2:5

  |

2 | use rustc_data_structures :: temp_dir :: MaybeTempDir ;

  |     ^^^^^^^^^^^^^^^^^^^^^ maybe a missing crate `rustc_data_structures`?



error[E0433]: failed to resolve: maybe a missing crate `rustc_hir`?

 --> mutant.rs:4:5

  |

4 | use rustc_hir :: def_id :: CrateNum ;

  |     ^^^^^^^^^ maybe a missing crate `rustc_hir`?



error[E0433]: failed to resolve: maybe a missing crate `rustc_middle`?

 --> mutant.rs:5:5

  |

5 | use rustc_middle :: middle :: cstore :: { EncodedMetadata , LibSource , NativeLib } ;

  |     ^^^^^^^^^^^^ maybe a missing crate `rustc_middle`?



error[E0433]: failed to resolve: maybe a missing crate `rustc_middle`?

 --> mutant.rs:6:5

  |

6 | use rustc_middle :: middle :: dependency_format :: Linkage ;

  |     ^^^^^^^^^^^^ maybe a missing crate `rustc_middle`?



error[E0432]: unresolved import `rustc_fs_util`

 --> mutant.rs:3:5

  |

3 | use rustc_fs_util :: fix_windows_verbatim_for_gcc ;

  |     ^^^^^^^^^^^^^ maybe a missing crate `rustc_fs_util`?



error[E0433]: failed to resolve: maybe a missing crate `rustc_session`?

 --> mutant.rs:7:5

  |

7 | use rustc_session :: config :: { self , CFGuard , CrateType , DebugInfo } ;

  |     ^^^^^^^^^^^^^ maybe a missing crate `rustc_session`?



error[E0433]: failed to resolve: maybe a missing crate `rustc_session`?

 --> mutant.rs:8:5

  |

8 | use rustc_session :: config :: { OutputFilenames , OutputType , PrintRequest , SanitizerSet } ;

  |     ^^^^^^^^^^^^^ maybe a missing crate `rustc_session`?



error[E0433]: failed to resolve: maybe a missing crate `rustc_session`?

 --> mutant.rs:9:5

  |

9 | use rustc_session :: output :: { check_file_is_writeable , invalid_output_for_target , out_filename } ;

  |     ^^^^^^^^^^^^^ maybe a missing crate `rustc_session`?



error[E0433]: failed to resolve: maybe a missing crate `rustc_session`?

  --> mutant.rs:10:5

   |

10 | use rustc_session :: search_paths :: PathKind ;

   |     ^^^^^^^^^^^^^ maybe a missing crate `rustc_session`?



error[E0433]: failed to resolve: maybe a missing crate `rustc_session`?

  --> mutant.rs:11:5

   |

11 | use rustc_session :: utils :: NativeLibKind ;

   |     ^^^^^^^^^^^^^ maybe a missing crate `rustc_session`?



error[E0432]: unresolved import `rustc_session`

 --> mutant.rs:7:5

  |

7 | use rustc_session :: config :: { self , CFGuard , CrateType , DebugInfo } ;

  |     ^^^^^^^^^^^^^ maybe a missing crate `rustc_session`?



error[E0433]: failed to resolve: maybe a missing crate `rustc_span`?

  --> mutant.rs:13:5

   |

13 | use rustc_span :: symbol :: Symbol ;

   |     ^^^^^^^^^^ maybe a missing crate `rustc_span`?



error[E0433]: failed to resolve: maybe a missing crate `rustc_target`?

  --> mutant.rs:14:5

   |

14 | use rustc_target :: spec :: crt_objects :: { CrtObjects , CrtObjectsFallback } ;

   |     ^^^^^^^^^^^^ maybe a missing crate `rustc_target`?



error[E0433]: failed to resolve: maybe a missing crate `rustc_target`?

  --> mutant.rs:15:5

   |

15 | use rustc_target :: spec :: { LinkOutputKind , LinkerFlavor , LldFlavor } ;

   |     ^^^^^^^^^^^^ maybe a missing crate `rustc_target`?



error[E0433]: failed to resolve: maybe a missing crate `rustc_target`?

  --> mutant.rs:16:5

   |

16 | use rustc_target :: spec :: { PanicStrategy , RelocModel , RelroLevel } ;

   |     ^^^^^^^^^^^^ maybe a missing crate `rustc_target`?



error[E0433]: failed to resolve: there are too many leading `super` keywords

  --> mutant.rs:17:5

   |

17 | use super :: archive :: ArchiveBuilder ;

   |     ^^^^^ there are too many leading `super` keywords



error[E0433]: failed to resolve: there are too many leading `super` keywords

  --> mutant.rs:18:5

   |

18 | use super :: command :: Command ;

   |     ^^^^^ there are too many leading `super` keywords



error[E0433]: failed to resolve: there are too many leading `super` keywords

  --> mutant.rs:19:5

   |

19 | use super :: linker :: { self , Linker } ;

   |     ^^^^^ there are too many leading `super` keywords



error[E0433]: failed to resolve: there are too many leading `super` keywords

  --> mutant.rs:20:5

   |

20 | use super :: rpath :: { self , RPathConfig } ;

   |     ^^^^^ there are too many leading `super` keywords



error[E0432]: unresolved import `rustc_session`

  --> mutant.rs:12:5

   |

12 | use rustc_session :: { filesearch , Session } ;

   |     ^^^^^^^^^^^^^ maybe a missing crate `rustc_session`?



error[E0432]: unresolved imports `crate::looks_like_rust_object_file`, `crate::CodegenResults`, `crate::CrateInfo`, `crate::METADATA_FILENAME`

  --> mutant.rs:21:16

   |

21 | use crate :: { looks_like_rust_object_file , CodegenResults , CrateInfo , METADATA_FILENAME } ;

   |                ^^^^^^^^^^^^^^^^^^^^^^^^^^^   ^^^^^^^^^^^^^^   ^^^^^^^^^   ^^^^^^^^^^^^^^^^^ no `METADATA_FILENAME` in the root

   |                |                             |                |

   |                |                             |                no `CrateInfo` in the root

   |                |                             no `CodegenResults` in the root

   |                no `looks_like_rust_object_file` in the root



error[E0432]: unresolved import `cc`

  --> mutant.rs:22:5

   |

22 | use cc :: windows_registry ;

   |     ^^

   |     |

   |     unresolved import

   |     help: a similar path exists: `char::methods::unicode::unicode_data::cc`



error[E0432]: unresolved import `tempfile`

  --> mutant.rs:23:5

   |

23 | use tempfile :: Builder as TempFileBuilder ;

   |     ^^^^^^^^ maybe a missing crate `tempfile`?



error: cannot find macro `bug` in this scope

  --> mutant.rs:50:1

   |

50 | bug ! (

   | ^^^



error: cannot find macro `warn` in this scope

   --> mutant.rs:153:1

    |

153 | warn ! ( "arch is not supported" ) ;

    | ^^^^



error: cannot find macro `warn` in this scope

   --> mutant.rs:156:1

    |

156 | warn ! ( "MSVC root path lib location not found" ) ;

    | ^^^^



error: cannot find macro `warn` in this scope

   --> mutant.rs:159:1

    |

159 | warn ! ( "link.exe not found" ) ;

    | ^^^^



error: cannot find macro `info` in this scope

   --> mutant.rs:243:1

    |

243 | info ! ( "preparing rlib to {:?}" , out_filename ) ;

    | ^^^^



error: cannot find macro `info` in this scope

   --> mutant.rs:322:1

    |

322 | info ! ( "preparing {:?} to {:?}" , crate_type , out_filename ) ;

    | ^^^^



error: cannot find macro `info` in this scope

   --> mutant.rs:345:1

    |

345 | info ! ( "{:?}" , & cmd ) ;

    | ^^^^



error: cannot find macro `info` in this scope

   --> mutant.rs:369:1

    |

369 | info ! ( "linker output: {:?}" , out ) ;

    | ^^^^



error: cannot find macro `warn` in this scope

   --> mutant.rs:370:1

    |

370 | warn ! ( "Linker does not support -no-pie command line option. Retrying without." ) ;

    | ^^^^



error: cannot find macro `info` in this scope

   --> mutant.rs:376:1

    |

376 | info ! ( "{:?}" , & cmd ) ;

    | ^^^^



error: cannot find macro `info` in this scope

   --> mutant.rs:386:1

    |

386 | info ! ( "linker output: {:?}" , out ) ;

    | ^^^^



error: cannot find macro `warn` in this scope

   --> mutant.rs:387:1

    |

387 | warn ! (

    | ^^^^



error: cannot find macro `info` in this scope

   --> mutant.rs:428:1

    |

428 | info ! ( "{:?}" , & cmd ) ;

    | ^^^^



error: cannot find macro `warn` in this scope

   --> mutant.rs:436:1

    |

436 | warn ! (

    | ^^^^



error: cannot find macro `warn` in this scope

   --> mutant.rs:445:1

    |

445 | warn ! (

    | ^^^^



error: cannot find macro `info` in this scope

   --> mutant.rs:526:1

    |

526 | info ! ( "linker stderr:\n{}" , escape_string ( & prog . stderr ) ) ;

    | ^^^^



error: cannot find macro `info` in this scope

   --> mutant.rs:527:1

    |

527 | info ! ( "linker stdout:\n{}" , escape_string ( & prog . stdout ) ) ;

    | ^^^^



error: cannot find macro `bug` in this scope

   --> mutant.rs:692:1

    |

692 | bug ! ( "Not enough information provided to determine how to invoke the linker" ) ;

    | ^^^



error: cannot find macro `info` in this scope

   --> mutant.rs:782:1

    |

782 | info ! ( "command line to linker was too big: {}" , e ) ;

    | ^^^^



error: cannot find macro `info` in this scope

   --> mutant.rs:787:1

    |

787 | info ! ( "falling back to passing arguments to linker via an @-file" ) ;

    | ^^^^



error: cannot find macro `info` in this scope

   --> mutant.rs:813:1

    |

813 | info ! ( "invoking linker {:?}" , cmd2 ) ;

    | ^^^^



error: cannot find macro `bug` in this scope

    --> mutant.rs:1205:1

     |

1205 | bug ! ( "raw_dylib feature not yet implemented" ) ;

     | ^^^



error: cannot find macro `bug` in this scope

    --> mutant.rs:1387:1

     |

1387 | bug ! ( "raw_dylib feature not yet implemented" ) ;

     | ^^^



error[E0433]: failed to resolve: use of undeclared type `OutputType`

  --> mutant.rs:41:69

   |

41 | let output_metadata = sess . opts . output_types . contains_key ( & OutputType :: Metadata ) ;

   |                                                                     ^^^^^^^^^^ use of undeclared type `OutputType`



error[E0433]: failed to resolve: use of undeclared type `CrateType`

  --> mutant.rs:45:18

   |

45 | && crate_type == CrateType :: Executable

   |                  ^^^^^^^^^ use of undeclared type `CrateType`



error[E0433]: failed to resolve: use of undeclared type `MaybeTempDir`

  --> mutant.rs:66:12

   |

66 | let path = MaybeTempDir :: new ( tmpdir , sess . opts . cg . save_temps ) ;

   |            ^^^^^^^^^^^^ use of undeclared type `MaybeTempDir`



error[E0433]: failed to resolve: use of undeclared type `CrateType`

  --> mutant.rs:69:1

   |

69 | CrateType :: Rlib => {

   | ^^^^^^^^^ use of undeclared type `CrateType`



error[E0433]: failed to resolve: use of undeclared type `CrateType`

  --> mutant.rs:74:1

   |

74 | CrateType :: Staticlib => {

   | ^^^^^^^^^ use of undeclared type `CrateType`



error[E0433]: failed to resolve: use of undeclared type `LinkerFlavor`

   --> mutant.rs:125:1

    |

125 | LinkerFlavor :: Lld ( f ) => Command :: lld ( linker , f ) ,

    | ^^^^^^^^^^^^ use of undeclared type `LinkerFlavor`



error[E0433]: failed to resolve: use of undeclared type `LinkerFlavor`

   --> mutant.rs:126:1

    |

126 | LinkerFlavor :: Msvc

    | ^^^^^^^^^^^^ use of undeclared type `LinkerFlavor`



error[E0433]: failed to resolve: use of undeclared type `LinkerFlavor`

   --> mutant.rs:135:16

    |

135 | if ( flavor == LinkerFlavor :: Msvc || flavor == LinkerFlavor :: Lld ( LldFlavor :: Link ) )

    |                ^^^^^^^^^^^^ use of undeclared type `LinkerFlavor`



error[E0433]: failed to resolve: use of undeclared type `LinkerFlavor`

   --> mutant.rs:135:50

    |

135 | if ( flavor == LinkerFlavor :: Msvc || flavor == LinkerFlavor :: Lld ( LldFlavor :: Link ) )

    |                                                  ^^^^^^^^^^^^ use of undeclared type `LinkerFlavor`



error[E0433]: failed to resolve: use of undeclared type `LldFlavor`

   --> mutant.rs:135:72

    |

135 | if ( flavor == LinkerFlavor :: Msvc || flavor == LinkerFlavor :: Lld ( LldFlavor :: Link ) )

    |                                                                        ^^^^^^^^^ use of undeclared type `LldFlavor`



error[E0433]: failed to resolve: use of undeclared type `PathKind`

   --> mutant.rs:162:45

    |

162 | let mut new_path = sess . host_filesearch ( PathKind :: All ) . get_tools_search_paths ( self_contained ) ;

    |                                             ^^^^^^^^ use of undeclared type `PathKind`



error[E0433]: failed to resolve: use of undeclared type `CrateType`

   --> mutant.rs:193:1

    |

193 | CrateType :: Executable

    | ^^^^^^^^^ use of undeclared type `CrateType`



error[E0433]: failed to resolve: use of undeclared type `CrateType`

   --> mutant.rs:194:3

    |

194 | | CrateType :: Staticlib

    |   ^^^^^^^^^ use of undeclared type `CrateType`



error[E0433]: failed to resolve: use of undeclared type `CrateType`

   --> mutant.rs:195:3

    |

195 | | CrateType :: Cdylib

    |   ^^^^^^^^^ use of undeclared type `CrateType`



error[E0433]: failed to resolve: use of undeclared type `CrateType`

   --> mutant.rs:196:3

    |

196 | | CrateType :: ProcMacro => {

    |   ^^^^^^^^^ use of undeclared type `CrateType`



error[E0433]: failed to resolve: use of undeclared type `Linkage`

   --> mutant.rs:209:10

    |

209 | Some ( & Linkage :: NotLinked | & Linkage :: IncludedFromDylib ) => continue ,

    |          ^^^^^^^ use of undeclared type `Linkage`



error[E0433]: failed to resolve: use of undeclared type `Linkage`

   --> mutant.rs:209:35

    |

209 | Some ( & Linkage :: NotLinked | & Linkage :: IncludedFromDylib ) => continue ,

    |                                   ^^^^^^^ use of undeclared type `Linkage`



error[E0433]: failed to resolve: use of undeclared type `LibSource`

   --> mutant.rs:215:1

    |

215 | LibSource :: Some ( ref p ) => p ,

    | ^^^^^^^^^ use of undeclared type `LibSource`



error[E0433]: failed to resolve: use of undeclared type `LibSource`

   --> mutant.rs:216:1

    |

216 | LibSource :: MetadataOnly => {

    | ^^^^^^^^^ use of undeclared type `LibSource`



error[E0433]: failed to resolve: use of undeclared type `LibSource`

   --> mutant.rs:222:1

    |

222 | LibSource :: None => return Err ( format ! ( "could not find rlib for: `{}`" , name ) ) ,

    | ^^^^^^^^^ use of undeclared type `LibSource`



error[E0433]: failed to resolve: use of undeclared type `ArchiveBuilder`

   --> mutant.rs:244:21

    |

244 | let mut ab = < B as ArchiveBuilder > :: new ( sess , out_filename , None ) ;

    |                     ^^^^^^^^^^^^^^ use of undeclared type `ArchiveBuilder`



error[E0433]: failed to resolve: use of undeclared type `NativeLibKind`

   --> mutant.rs:250:1

    |

250 | NativeLibKind :: StaticBundle => { }

    | ^^^^^^^^^^^^^ use of undeclared type `NativeLibKind`



error[E0433]: failed to resolve: use of undeclared type `NativeLibKind`

   --> mutant.rs:251:1

    |

251 | NativeLibKind :: StaticNoBundle

    | ^^^^^^^^^^^^^ use of undeclared type `NativeLibKind`



error[E0433]: failed to resolve: use of undeclared type `NativeLibKind`

   --> mutant.rs:252:3

    |

252 | | NativeLibKind :: Dylib

    |   ^^^^^^^^^^^^^ use of undeclared type `NativeLibKind`



error[E0433]: failed to resolve: use of undeclared type `NativeLibKind`

   --> mutant.rs:253:3

    |

253 | | NativeLibKind :: Framework

    |   ^^^^^^^^^^^^^ use of undeclared type `NativeLibKind`



error[E0433]: failed to resolve: use of undeclared type `NativeLibKind`

   --> mutant.rs:254:3

    |

254 | | NativeLibKind :: RawDylib

    |   ^^^^^^^^^^^^^ use of undeclared type `NativeLibKind`



error[E0433]: failed to resolve: use of undeclared type `NativeLibKind`

   --> mutant.rs:255:3

    |

255 | | NativeLibKind :: Unspecified => continue ,

    |   ^^^^^^^^^^^^^ use of undeclared type `NativeLibKind`



error[E0433]: failed to resolve: use of undeclared type `NativeLibKind`

   --> mutant.rs:292:31

    |

292 | . any ( | lib | lib . kind == NativeLibKind :: StaticBundle && ! relevant_lib ( sess , lib ) ) ;

    |                               ^^^^^^^^^^^^^ use of undeclared type `NativeLibKind`



error[E0433]: failed to resolve: use of undeclared type `PrintRequest`

   --> mutant.rs:309:40

    |

309 | if sess . opts . prints . contains ( & PrintRequest :: NativeStaticLibs ) {

    |                                        ^^^^^^^^^^^^ use of undeclared type `PrintRequest`



error[E0433]: failed to resolve: use of undeclared crate or module `linker`

   --> mutant.rs:334:1

    |

334 | linker :: disable_localization ( & mut cmd ) ;

    | ^^^^^^ use of undeclared crate or module `linker`



error[E0433]: failed to resolve: use of undeclared type `LinkerFlavor`

   --> mutant.rs:363:14

    |

363 | && flavor != LinkerFlavor :: Ld

    |              ^^^^^^^^^^^^ use of undeclared type `LinkerFlavor`



error[E0433]: failed to resolve: use of undeclared type `LinkerFlavor`

   --> mutant.rs:380:14

    |

380 | && flavor != LinkerFlavor :: Ld

    |              ^^^^^^^^^^^^ use of undeclared type `LinkerFlavor`



error[E0433]: failed to resolve: use of undeclared type `LinkOutputKind`

   --> mutant.rs:411:58

    |

411 | let pre_objects_static_pie = get_objects ( pre_objects , LinkOutputKind :: StaticPicExe ) ;

    |                                                          ^^^^^^^^^^^^^^ use of undeclared type `LinkOutputKind`



error[E0433]: failed to resolve: use of undeclared type `LinkOutputKind`

   --> mutant.rs:412:60

    |

412 | let post_objects_static_pie = get_objects ( post_objects , LinkOutputKind :: StaticPicExe ) ;

    |                                                            ^^^^^^^^^^^^^^ use of undeclared type `LinkOutputKind`



error[E0433]: failed to resolve: use of undeclared type `LinkOutputKind`

   --> mutant.rs:413:58

    |

413 | let mut pre_objects_static = get_objects ( pre_objects , LinkOutputKind :: StaticNoPicExe ) ;

    |                                                          ^^^^^^^^^^^^^^ use of undeclared type `LinkOutputKind`



error[E0433]: failed to resolve: use of undeclared type `LinkOutputKind`

   --> mutant.rs:414:60

    |

414 | let mut post_objects_static = get_objects ( post_objects , LinkOutputKind :: StaticNoPicExe ) ;

    |                                                            ^^^^^^^^^^^^^^ use of undeclared type `LinkOutputKind`



error[E0433]: failed to resolve: there are too many leading `super` keywords

   --> mutant.rs:434:84

    |

434 | let msg_segv = "clang: error: unable to execute command: Segmentation fault: 11" ; super :: vxworks_base :: opts ( ) ;

    |                                                                                    ^^^^^ there are too many leading `super` keywords



error[E0433]: failed to resolve: use of undeclared crate or module `libc`

   --> mutant.rs:457:31

    |

457 | status . signal ( ) == Some ( libc :: SIGILL )

    |                               ^^^^ use of undeclared crate or module `libc`



error[E0433]: failed to resolve: use of undeclared type `LinkerFlavor`

   --> mutant.rs:486:14

    |

486 | && flavor == LinkerFlavor :: Msvc

    |              ^^^^^^^^^^^^ use of undeclared type `LinkerFlavor`



error[E0433]: failed to resolve: use of undeclared type `DebugInfo`

   --> mutant.rs:562:31

    |

562 | && sess . opts . debuginfo != DebugInfo :: None

    |                               ^^^^^^^^^ use of undeclared type `DebugInfo`



error[E0433]: failed to resolve: use of undeclared type `CrateType`

   --> mutant.rs:572:1

    |

572 | CrateType :: Executable => true ,

    | ^^^^^^^^^ use of undeclared type `CrateType`



error[E0433]: failed to resolve: use of undeclared type `CrateType`

   --> mutant.rs:573:1

    |

573 | CrateType :: Dylib | CrateType :: Cdylib | CrateType :: ProcMacro => {

    | ^^^^^^^^^ use of undeclared type `CrateType`



error[E0433]: failed to resolve: use of undeclared type `CrateType`

   --> mutant.rs:573:22

    |

573 | CrateType :: Dylib | CrateType :: Cdylib | CrateType :: ProcMacro => {

    |                      ^^^^^^^^^ use of undeclared type `CrateType`



error[E0433]: failed to resolve: use of undeclared type `CrateType`

   --> mutant.rs:573:44

    |

573 | CrateType :: Dylib | CrateType :: Cdylib | CrateType :: ProcMacro => {

    |                                            ^^^^^^^^^ use of undeclared type `CrateType`



error[E0433]: failed to resolve: use of undeclared type `CrateType`

   --> mutant.rs:576:1

    |

576 | CrateType :: Rlib | CrateType :: Staticlib => false ,

    | ^^^^^^^^^ use of undeclared type `CrateType`



error[E0433]: failed to resolve: use of undeclared type `CrateType`

   --> mutant.rs:576:21

    |

576 | CrateType :: Rlib | CrateType :: Staticlib => false ,

    |                     ^^^^^^^^^ use of undeclared type `CrateType`



error[E0433]: failed to resolve: use of undeclared type `SanitizerSet`

   --> mutant.rs:582:27

    |

582 | if sanitizer . contains ( SanitizerSet :: ADDRESS ) {

    |                           ^^^^^^^^^^^^ use of undeclared type `SanitizerSet`



error[E0433]: failed to resolve: use of undeclared type `SanitizerSet`

   --> mutant.rs:585:27

    |

585 | if sanitizer . contains ( SanitizerSet :: LEAK ) {

    |                           ^^^^^^^^^^^^ use of undeclared type `SanitizerSet`



error[E0433]: failed to resolve: use of undeclared type `SanitizerSet`

   --> mutant.rs:588:27

    |

588 | if sanitizer . contains ( SanitizerSet :: MEMORY ) {

    |                           ^^^^^^^^^^^^ use of undeclared type `SanitizerSet`



error[E0433]: failed to resolve: use of undeclared type `SanitizerSet`

   --> mutant.rs:591:27

    |

591 | if sanitizer . contains ( SanitizerSet :: THREAD ) {

    |                           ^^^^^^^^^^^^ use of undeclared type `SanitizerSet`



error[E0433]: failed to resolve: use of undeclared type `LinkerFlavor`

   --> mutant.rs:635:1

    |

635 | LinkerFlavor :: Em => {

    | ^^^^^^^^^^^^ use of undeclared type `LinkerFlavor`



error[E0433]: failed to resolve: use of undeclared type `LinkerFlavor`

   --> mutant.rs:642:1

    |

642 | LinkerFlavor :: Gcc => {

    | ^^^^^^^^^^^^ use of undeclared type `LinkerFlavor`



error[E0433]: failed to resolve: use of undeclared type `LinkerFlavor`

   --> mutant.rs:649:1

    |

649 | LinkerFlavor :: Ld => "ld" ,

    | ^^^^^^^^^^^^ use of undeclared type `LinkerFlavor`



error[E0433]: failed to resolve: use of undeclared type `LinkerFlavor`

   --> mutant.rs:650:1

    |

650 | LinkerFlavor :: Msvc => "link.exe" ,

    | ^^^^^^^^^^^^ use of undeclared type `LinkerFlavor`



error[E0433]: failed to resolve: use of undeclared type `LinkerFlavor`

   --> mutant.rs:651:1

    |

651 | LinkerFlavor :: Lld ( _ ) => "lld" ,

    | ^^^^^^^^^^^^ use of undeclared type `LinkerFlavor`



error[E0433]: failed to resolve: use of undeclared type `LinkerFlavor`

   --> mutant.rs:652:1

    |

652 | LinkerFlavor :: PtxLinker => "rust-ptx-linker" ,

    | ^^^^^^^^^^^^ use of undeclared type `LinkerFlavor`



error[E0433]: failed to resolve: use of undeclared type `LinkerFlavor`

   --> mutant.rs:661:1

    |

661 | LinkerFlavor :: Em

    | ^^^^^^^^^^^^ use of undeclared type `LinkerFlavor`



error[E0433]: failed to resolve: use of undeclared type `LinkerFlavor`

   --> mutant.rs:667:1

    |

667 | LinkerFlavor :: Gcc

    | ^^^^^^^^^^^^ use of undeclared type `LinkerFlavor`



error[E0433]: failed to resolve: use of undeclared type `LinkerFlavor`

   --> mutant.rs:669:1

    |

669 | LinkerFlavor :: Ld

    | ^^^^^^^^^^^^ use of undeclared type `LinkerFlavor`



error[E0433]: failed to resolve: use of undeclared type `LinkerFlavor`

   --> mutant.rs:671:1

    |

671 | LinkerFlavor :: Msvc

    | ^^^^^^^^^^^^ use of undeclared type `LinkerFlavor`



error[E0433]: failed to resolve: use of undeclared type `LinkerFlavor`

   --> mutant.rs:673:1

    |

673 | LinkerFlavor :: Lld ( sess . target . target . options . lld_flavor )

    | ^^^^^^^^^^^^ use of undeclared type `LinkerFlavor`



error[E0433]: failed to resolve: use of undeclared type `CrateType`

   --> mutant.rs:699:56

    |

699 | sess . crate_types ( ) . iter ( ) . any ( | & x | x != CrateType :: Rlib && x != CrateType :: Staticlib ) ;

    |                                                        ^^^^^^^^^ use of undeclared type `CrateType`



error[E0433]: failed to resolve: use of undeclared type `CrateType`

   --> mutant.rs:699:82

    |

699 | sess . crate_types ( ) . iter ( ) . any ( | & x | x != CrateType :: Rlib && x != CrateType :: Staticlib ) ;

    |                                                                                  ^^^^^^^^^ use of undeclared type `CrateType`



error[E0433]: failed to resolve: use of undeclared type `PathKind`

   --> mutant.rs:709:28

    |

709 | sess . target_filesearch ( PathKind :: Native ) . search_path_dirs ( )

    |                            ^^^^^^^^ use of undeclared type `PathKind`



error[E0433]: failed to resolve: use of undeclared type `NativeLibKind`

   --> mutant.rs:722:1

    |

722 | NativeLibKind :: StaticNoBundle

    | ^^^^^^^^^^^^^ use of undeclared type `NativeLibKind`



error[E0433]: failed to resolve: use of undeclared type `NativeLibKind`

   --> mutant.rs:723:3

    |

723 | | NativeLibKind :: Dylib

    |   ^^^^^^^^^^^^^ use of undeclared type `NativeLibKind`



error[E0433]: failed to resolve: use of undeclared type `NativeLibKind`

   --> mutant.rs:724:3

    |

724 | | NativeLibKind :: Unspecified => {

    |   ^^^^^^^^^^^^^ use of undeclared type `NativeLibKind`



error[E0433]: failed to resolve: use of undeclared type `NativeLibKind`

   --> mutant.rs:731:1

    |

731 | NativeLibKind :: Framework => {

    | ^^^^^^^^^^^^^ use of undeclared type `NativeLibKind`



error[E0433]: failed to resolve: use of undeclared type `NativeLibKind`

   --> mutant.rs:734:1

    |

734 | NativeLibKind :: StaticBundle | NativeLibKind :: RawDylib => None ,

    | ^^^^^^^^^^^^^ use of undeclared type `NativeLibKind`



error[E0433]: failed to resolve: use of undeclared type `NativeLibKind`

   --> mutant.rs:734:33

    |

734 | NativeLibKind :: StaticBundle | NativeLibKind :: RawDylib => None ,

    |                                 ^^^^^^^^^^^^^ use of undeclared type `NativeLibKind`



error[E0433]: failed to resolve: use of undeclared type `PathKind`

   --> mutant.rs:749:37

    |

749 | let fs = sess . target_filesearch ( PathKind :: Native ) ;

    |                                     ^^^^^^^^ use of undeclared type `PathKind`



error[E0433]: failed to resolve: unresolved import

   --> mutant.rs:837:37

    |

837 | err . raw_os_error ( ) == Some ( :: libc :: E2BIG )

    |                                     ^^^^

    |                                     |

    |                                     unresolved import

    |                                     help: a similar path exists: `io::stdio::sys_common::backtrace::backtrace_rs::symbolize::gimli::mystd::libc`



error[E0433]: failed to resolve: use of undeclared type `CrateType`

   --> mutant.rs:873:3

    |

873 | ( CrateType :: Executable , false , RelocModel :: Pic ) => LinkOutputKind :: DynamicPicExe ,

    |   ^^^^^^^^^ use of undeclared type `CrateType`



error[E0433]: failed to resolve: use of undeclared type `RelocModel`

   --> mutant.rs:873:37

    |

873 | ( CrateType :: Executable , false , RelocModel :: Pic ) => LinkOutputKind :: DynamicPicExe ,

    |                                     ^^^^^^^^^^ use of undeclared type `RelocModel`



error[E0433]: failed to resolve: use of undeclared type `LinkOutputKind`

   --> mutant.rs:873:60

    |

873 | ( CrateType :: Executable , false , RelocModel :: Pic ) => LinkOutputKind :: DynamicPicExe ,

    |                                                            ^^^^^^^^^^^^^^ use of undeclared type `LinkOutputKind`



error[E0433]: failed to resolve: use of undeclared type `CrateType`

   --> mutant.rs:874:3

    |

874 | ( CrateType :: Executable , false , _ ) => LinkOutputKind :: DynamicNoPicExe ,

    |   ^^^^^^^^^ use of undeclared type `CrateType`



error[E0433]: failed to resolve: use of undeclared type `LinkOutputKind`

   --> mutant.rs:874:44

    |

874 | ( CrateType :: Executable , false , _ ) => LinkOutputKind :: DynamicNoPicExe ,

    |                                            ^^^^^^^^^^^^^^ use of undeclared type `LinkOutputKind`



error[E0433]: failed to resolve: use of undeclared type `CrateType`

   --> mutant.rs:875:3

    |

875 | ( CrateType :: Executable , true , RelocModel :: Pic ) => LinkOutputKind :: StaticPicExe ,

    |   ^^^^^^^^^ use of undeclared type `CrateType`



error[E0433]: failed to resolve: use of undeclared type `RelocModel`

   --> mutant.rs:875:36

    |

875 | ( CrateType :: Executable , true , RelocModel :: Pic ) => LinkOutputKind :: StaticPicExe ,

    |                                    ^^^^^^^^^^ use of undeclared type `RelocModel`



error[E0433]: failed to resolve: use of undeclared type `LinkOutputKind`

   --> mutant.rs:875:59

    |

875 | ( CrateType :: Executable , true , RelocModel :: Pic ) => LinkOutputKind :: StaticPicExe ,

    |                                                           ^^^^^^^^^^^^^^ use of undeclared type `LinkOutputKind`



error[E0433]: failed to resolve: use of undeclared type `CrateType`

   --> mutant.rs:876:3

    |

876 | ( CrateType :: Executable , true , _ ) => LinkOutputKind :: StaticNoPicExe ,

    |   ^^^^^^^^^ use of undeclared type `CrateType`



error[E0433]: failed to resolve: use of undeclared type `LinkOutputKind`

   --> mutant.rs:876:43

    |

876 | ( CrateType :: Executable , true , _ ) => LinkOutputKind :: StaticNoPicExe ,

    |                                           ^^^^^^^^^^^^^^ use of undeclared type `LinkOutputKind`



error[E0433]: failed to resolve: use of undeclared type `LinkOutputKind`

   --> mutant.rs:877:21

    |

877 | ( _ , true , _ ) => LinkOutputKind :: StaticDylib ,

    |                     ^^^^^^^^^^^^^^ use of undeclared type `LinkOutputKind`



error[E0433]: failed to resolve: use of undeclared type `LinkOutputKind`

   --> mutant.rs:878:22

    |

878 | ( _ , false , _ ) => LinkOutputKind :: DynamicDylib ,

    |                      ^^^^^^^^^^^^^^ use of undeclared type `LinkOutputKind`



error[E0433]: failed to resolve: use of undeclared type `LinkOutputKind`

   --> mutant.rs:885:1

    |

885 | LinkOutputKind :: DynamicPicExe if ! pic_exe_supported => LinkOutputKind :: DynamicNoPicExe ,

    | ^^^^^^^^^^^^^^ use of undeclared type `LinkOutputKind`



error[E0433]: failed to resolve: use of undeclared type `LinkOutputKind`

   --> mutant.rs:885:59

    |

885 | LinkOutputKind :: DynamicPicExe if ! pic_exe_supported => LinkOutputKind :: DynamicNoPicExe ,

    |                                                           ^^^^^^^^^^^^^^ use of undeclared type `LinkOutputKind`



error[E0433]: failed to resolve: use of undeclared type `LinkOutputKind`

   --> mutant.rs:886:1

    |

886 | LinkOutputKind :: StaticPicExe if ! static_pic_exe_supported => LinkOutputKind :: StaticNoPicExe ,

    | ^^^^^^^^^^^^^^ use of undeclared type `LinkOutputKind`



error[E0433]: failed to resolve: use of undeclared type `LinkOutputKind`

   --> mutant.rs:886:65

    |

886 | LinkOutputKind :: StaticPicExe if ! static_pic_exe_supported => LinkOutputKind :: StaticNoPicExe ,

    |                                                                 ^^^^^^^^^^^^^^ use of undeclared type `LinkOutputKind`



error[E0433]: failed to resolve: use of undeclared type `LinkOutputKind`

   --> mutant.rs:887:1

    |

887 | LinkOutputKind :: StaticDylib if ! static_dylib_supported => LinkOutputKind :: DynamicDylib ,

    | ^^^^^^^^^^^^^^ use of undeclared type `LinkOutputKind`



error[E0433]: failed to resolve: use of undeclared type `LinkOutputKind`

   --> mutant.rs:887:62

    |

887 | LinkOutputKind :: StaticDylib if ! static_dylib_supported => LinkOutputKind :: DynamicDylib ,

    |                                                              ^^^^^^^^^^^^^^ use of undeclared type `LinkOutputKind`



error[E0433]: failed to resolve: use of undeclared type `CrtObjectsFallback`

   --> mutant.rs:914:8

    |

914 | Some ( CrtObjectsFallback :: Musl ) => sess . crt_static ( Some ( crate_type ) ) ,

    |        ^^^^^^^^^^^^^^^^^^ use of undeclared type `CrtObjectsFallback`



error[E0433]: failed to resolve: use of undeclared type `CrtObjectsFallback`

   --> mutant.rs:915:8

    |

915 | Some ( CrtObjectsFallback :: Mingw ) => {

    |        ^^^^^^^^^^^^^^^^^^ use of undeclared type `CrtObjectsFallback`



error[E0433]: failed to resolve: use of undeclared type `CrtObjectsFallback`

   --> mutant.rs:920:8

    |

920 | Some ( CrtObjectsFallback :: Wasm ) => true ,

    |        ^^^^^^^^^^^^^^^^^^ use of undeclared type `CrtObjectsFallback`



error[E0433]: failed to resolve: use of undeclared type `CrateType`

   --> mutant.rs:958:3

    |

958 | ( CrateType :: Cdylib | CrateType :: Executable , Some ( script ) ) => {

    |   ^^^^^^^^^ use of undeclared type `CrateType`



error[E0433]: failed to resolve: use of undeclared type `CrateType`

   --> mutant.rs:958:25

    |

958 | ( CrateType :: Cdylib | CrateType :: Executable , Some ( script ) ) => {

    |                         ^^^^^^^^^ use of undeclared type `CrateType`



error[E0433]: failed to resolve: use of undeclared type `CrateType`

   --> mutant.rs:988:39

    |

988 | let any_dynamic_crate = crate_type == CrateType :: Dylib

    |                                       ^^^^^^^^^ use of undeclared type `CrateType`



error[E0433]: failed to resolve: use of undeclared type `Linkage`

   --> mutant.rs:990:72

    |

990 | * ty == crate_type && list . iter ( ) . any ( | & linkage | linkage == Linkage :: Dynamic )

    |                                                                        ^^^^^^^ use of undeclared type `Linkage`



error[E0433]: failed to resolve: use of undeclared type `CrateType`

    --> mutant.rs:1025:18

     |

1025 | if crate_type == CrateType :: Dylib || crate_type == CrateType :: ProcMacro {

     |                  ^^^^^^^^^ use of undeclared type `CrateType`



error[E0433]: failed to resolve: use of undeclared type `CrateType`

    --> mutant.rs:1025:54

     |

1025 | if crate_type == CrateType :: Dylib || crate_type == CrateType :: ProcMacro {

     |                                                      ^^^^^^^^^ use of undeclared type `CrateType`



error[E0433]: failed to resolve: use of undeclared type `PathKind`

    --> mutant.rs:1048:43

     |

1048 | let lib_path = sess . target_filesearch ( PathKind :: All ) . get_lib_path ( ) ;

     |                                           ^^^^^^^^ use of undeclared type `PathKind`



error[E0433]: failed to resolve: use of undeclared type `PathKind`

    --> mutant.rs:1051:43

     |

1051 | let lib_path = sess . target_filesearch ( PathKind :: All ) . get_self_contained_lib_path ( ) ;

     |                                           ^^^^^^^^ use of undeclared type `PathKind`



error[E0433]: failed to resolve: use of undeclared type `RelroLevel`

    --> mutant.rs:1057:1

     |

1057 | RelroLevel :: Full => cmd . full_relro ( ) ,

     | ^^^^^^^^^^ use of undeclared type `RelroLevel`



error[E0433]: failed to resolve: use of undeclared type `RelroLevel`

    --> mutant.rs:1058:1

     |

1058 | RelroLevel :: Partial => cmd . partial_relro ( ) ,

     | ^^^^^^^^^^ use of undeclared type `RelroLevel`



error[E0433]: failed to resolve: use of undeclared type `RelroLevel`

    --> mutant.rs:1059:1

     |

1059 | RelroLevel :: Off => cmd . no_relro ( ) ,

     | ^^^^^^^^^^ use of undeclared type `RelroLevel`



error[E0433]: failed to resolve: use of undeclared type `RelroLevel`

    --> mutant.rs:1060:1

     |

1060 | RelroLevel :: None => { }

     | ^^^^^^^^^^ use of undeclared type `RelroLevel`



error[E0433]: failed to resolve: use of undeclared crate or module `rpath`

    --> mutant.rs:1086:16

     |

1086 | cmd . args ( & rpath :: get_rpath_flags ( & mut rpath_config ) ) ;

     |                ^^^^^ use of undeclared crate or module `rpath`



error[E0433]: failed to resolve: use of undeclared type `CrateType`

    --> mutant.rs:1107:72

     |

1107 | if sess . target . target . options . is_like_fuchsia && crate_type == CrateType :: Executable {

     |                                                                        ^^^^^^^^^ use of undeclared type `CrateType`



error[E0433]: failed to resolve: use of undeclared type `SanitizerSet`

    --> mutant.rs:1108:71

     |

1108 | let prefix = if sess . opts . debugging_opts . sanitizer . contains ( SanitizerSet :: ADDRESS ) {

     |                                                                       ^^^^^^^^^^^^ use of undeclared type `SanitizerSet`



error[E0433]: failed to resolve: use of undeclared type `PanicStrategy`

    --> mutant.rs:1124:45

     |

1124 | cmd . arg ( if sess . panic_strategy ( ) == PanicStrategy :: Abort {

     |                                             ^^^^^^^^^^^^^ use of undeclared type `PanicStrategy`



error[E0433]: failed to resolve: use of undeclared type `CrateType`

    --> mutant.rs:1135:18

     |

1135 | if crate_type == CrateType :: Executable && sess . target . target . options . is_like_windows {

     |                  ^^^^^^^^^ use of undeclared type `CrateType`



error[E0433]: failed to resolve: use of undeclared type `CrateType`

    --> mutant.rs:1144:35

     |

1144 | let keep_metadata = crate_type == CrateType :: Dylib ;

     |                                   ^^^^^^^^^ use of undeclared type `CrateType`



error[E0433]: failed to resolve: use of undeclared type `CFGuard`

    --> mutant.rs:1164:45

     |

1164 | if sess . opts . cg . control_flow_guard != CFGuard :: Disabled {

     |                                             ^^^^^^^ use of undeclared type `CFGuard`



error[E0433]: failed to resolve: use of undeclared type `PathKind`

    --> mutant.rs:1180:45

     |

1180 | let filesearch = sess . target_filesearch ( PathKind :: All ) ;

     |                                             ^^^^^^^^ use of undeclared type `PathKind`



error[E0433]: failed to resolve: use of undeclared type `PathKind`

    --> mutant.rs:1183:1

     |

1183 | PathKind :: Framework => {

     | ^^^^^^^^ use of undeclared type `PathKind`



error[E0433]: failed to resolve: use of undeclared type `NativeLibKind`

    --> mutant.rs:1200:1

     |

1200 | NativeLibKind :: Dylib | NativeLibKind :: Unspecified => cmd . link_dylib ( name ) ,

     | ^^^^^^^^^^^^^ use of undeclared type `NativeLibKind`



error[E0433]: failed to resolve: use of undeclared type `NativeLibKind`

    --> mutant.rs:1200:26

     |

1200 | NativeLibKind :: Dylib | NativeLibKind :: Unspecified => cmd . link_dylib ( name ) ,

     |                          ^^^^^^^^^^^^^ use of undeclared type `NativeLibKind`



error[E0433]: failed to resolve: use of undeclared type `NativeLibKind`

    --> mutant.rs:1201:1

     |

1201 | NativeLibKind :: Framework => cmd . link_framework ( name ) ,

     | ^^^^^^^^^^^^^ use of undeclared type `NativeLibKind`



error[E0433]: failed to resolve: use of undeclared type `NativeLibKind`

    --> mutant.rs:1202:1

     |

1202 | NativeLibKind :: StaticNoBundle => cmd . link_staticlib ( name ) ,

     | ^^^^^^^^^^^^^ use of undeclared type `NativeLibKind`



error[E0433]: failed to resolve: use of undeclared type `NativeLibKind`

    --> mutant.rs:1203:1

     |

1203 | NativeLibKind :: StaticBundle => cmd . link_whole_staticlib ( name , & search_path ) ,

     | ^^^^^^^^^^^^^ use of undeclared type `NativeLibKind`



error[E0433]: failed to resolve: use of undeclared type `NativeLibKind`

    --> mutant.rs:1204:1

     |

1204 | NativeLibKind :: RawDylib => {

     | ^^^^^^^^^^^^^ use of undeclared type `NativeLibKind`



error[E0433]: failed to resolve: use of undeclared type `FxHashSet`

    --> mutant.rs:1226:21

     |

1226 | let mut available = FxHashSet :: default ( ) ;

     |                     ^^^^^^^^^ use of undeclared type `FxHashSet`



error[E0433]: failed to resolve: use of undeclared type `FxHashSet`

    --> mutant.rs:1227:20

     |

1227 | let mut required = FxHashSet :: default ( ) ;

     |                    ^^^^^^^^^ use of undeclared type `FxHashSet`



error[E0433]: failed to resolve: use of undeclared type `Linkage`

    --> mutant.rs:1261:1

     |

1261 | Linkage :: NotLinked | Linkage :: IncludedFromDylib => { }

     | ^^^^^^^ use of undeclared type `Linkage`



error[E0433]: failed to resolve: use of undeclared type `Linkage`

    --> mutant.rs:1261:24

     |

1261 | Linkage :: NotLinked | Linkage :: IncludedFromDylib => { }

     |                        ^^^^^^^ use of undeclared type `Linkage`



error[E0433]: failed to resolve: use of undeclared type `Linkage`

    --> mutant.rs:1262:1

     |

1262 | Linkage :: Static => {

     | ^^^^^^^ use of undeclared type `Linkage`



error[E0433]: failed to resolve: use of undeclared type `Linkage`

    --> mutant.rs:1265:1

     |

1265 | Linkage :: Dynamic => add_dynamic_crate ( cmd , sess , & src . dylib . as_ref ( ) . unwrap ( ) . 0 ) ,

     | ^^^^^^^ use of undeclared type `Linkage`



error[E0433]: failed to resolve: use of undeclared type `NativeLibKind`

    --> mutant.rs:1294:31

     |

1294 | . any ( | lib | lib . kind == NativeLibKind :: StaticBundle && ! relevant_lib ( sess , lib ) ) ;

     |                               ^^^^^^^^^^^^^ use of undeclared type `NativeLibKind`



error[E0433]: failed to resolve: use of undeclared type `CrateType`

    --> mutant.rs:1297:18

     |

1297 | && crate_type != CrateType :: Dylib

     |                  ^^^^^^^^^ use of undeclared type `CrateType`



error[E0433]: failed to resolve: use of undeclared type `ArchiveBuilder`

    --> mutant.rs:1307:26

     |

1307 | let mut archive = < B as ArchiveBuilder > :: new ( sess , & dst , Some ( cratepath ) ) ;

     |                          ^^^^^^^^^^^^^^ use of undeclared type `ArchiveBuilder`



error[E0433]: failed to resolve: use of undeclared type `CrateType`

    --> mutant.rs:1334:18

     |

1334 | if crate_type == CrateType :: Dylib

     |                  ^^^^^^^^^ use of undeclared type `CrateType`



error[E0433]: failed to resolve: use of undeclared type `NativeLibKind`

    --> mutant.rs:1378:1

     |

1378 | NativeLibKind :: Dylib | NativeLibKind :: Unspecified => cmd . link_dylib ( name ) ,

     | ^^^^^^^^^^^^^ use of undeclared type `NativeLibKind`



error[E0433]: failed to resolve: use of undeclared type `NativeLibKind`

    --> mutant.rs:1378:26

     |

1378 | NativeLibKind :: Dylib | NativeLibKind :: Unspecified => cmd . link_dylib ( name ) ,

     |                          ^^^^^^^^^^^^^ use of undeclared type `NativeLibKind`



error[E0433]: failed to resolve: use of undeclared type `NativeLibKind`

    --> mutant.rs:1379:1

     |

1379 | NativeLibKind :: Framework => cmd . link_framework ( name ) ,

     | ^^^^^^^^^^^^^ use of undeclared type `NativeLibKind`



error[E0433]: failed to resolve: use of undeclared type `NativeLibKind`

    --> mutant.rs:1380:1

     |

1380 | NativeLibKind :: StaticNoBundle => {

     | ^^^^^^^^^^^^^ use of undeclared type `NativeLibKind`



error[E0433]: failed to resolve: use of undeclared type `Linkage`

    --> mutant.rs:1381:40

     |

1381 | if data [ cnum . as_usize ( ) - 1 ] == Linkage :: Static {

     |                                        ^^^^^^^ use of undeclared type `Linkage`



error[E0433]: failed to resolve: use of undeclared type `NativeLibKind`

    --> mutant.rs:1385:1

     |

1385 | NativeLibKind :: StaticBundle => { }

     | ^^^^^^^^^^^^^ use of undeclared type `NativeLibKind`



error[E0433]: failed to resolve: use of undeclared type `NativeLibKind`

    --> mutant.rs:1386:1

     |

1386 | NativeLibKind :: RawDylib => {

     | ^^^^^^^^^^^^^ use of undeclared type `NativeLibKind`



error[E0433]: failed to resolve: use of undeclared crate or module `rustc_attr`

    --> mutant.rs:1395:21

     |

1395 | Some ( ref cfg ) => rustc_attr :: cfg_matches ( cfg , & sess . parse_sess , None ) ,

     |                     ^^^^^^^^^^ use of undeclared crate or module `rustc_attr`



error[E0433]: failed to resolve: use of undeclared type `LinkerFlavor`

    --> mutant.rs:1414:14

     |

1414 | || flavor != LinkerFlavor :: Gcc

     |              ^^^^^^^^^^^^ use of undeclared type `LinkerFlavor`



error[E0405]: cannot find trait `ArchiveBuilder` in this scope

  --> mutant.rs:33:31

   |

33 | pub fn link_binary < 'a , B : ArchiveBuilder < 'a > > (

   |                               ^^^^^^^^^^^^^^ not found in this scope



error[E0412]: cannot find type `OutputFilenames` in this scope

  --> mutant.rs:36:13

   |

36 | outputs : & OutputFilenames ,

   |             ^^^^^^^^^^^^^^^ not found in this scope



error[E0425]: cannot find function `invalid_output_for_target` in this scope

  --> mutant.rs:49:4

   |

49 | if invalid_output_for_target ( sess , crate_type ) {

   |    ^^^^^^^^^^^^^^^^^^^^^^^^^ not found in this scope



error[E0425]: cannot find function `check_file_is_writeable` in this scope

  --> mutant.rs:58:1

   |

58 | check_file_is_writeable ( obj , sess ) ;

   | ^^^^^^^^^^^^^^^^^^^^^^^ not found in this scope



error[E0425]: cannot find function `out_filename` in this scope

  --> mutant.rs:67:20

   |

67 | let out_filename = out_filename ( sess , crate_type , outputs , crate_name ) ;

   |                    ^^^^^^^^^^^^ not found in this scope



error[E0412]: cannot find type `LinkerFlavor` in this scope

   --> mutant.rs:118:10

    |

118 | flavor : LinkerFlavor ,

    |          ^^^^^^^^^^^^ not found in this scope



error[E0412]: cannot find type `Command` in this scope

   --> mutant.rs:120:6

    |

120 | ) -> Command {

    |      ^^^^^^^ not found in this scope

    |

help: consider importing this struct

    |

1   | use std::process::Command;

    |



error[E0433]: failed to resolve: use of undeclared type `Command`

   --> mutant.rs:123:74

    |

123 | Some ( linker ) if cfg ! ( windows ) && linker . ends_with ( ".bat" ) => Command :: bat_script ( linker ) ,

    |                                                                          ^^^^^^^ not found in this scope

    |

help: consider importing this struct

    |

1   | use std::process::Command;

    |



error[E0433]: failed to resolve: use of undeclared type `Command`

   --> mutant.rs:125:30

    |

125 | LinkerFlavor :: Lld ( f ) => Command :: lld ( linker , f ) ,

    |                              ^^^^^^^ not found in this scope

    |

help: consider importing this struct

    |

1   | use std::process::Command;

    |



error[E0433]: failed to resolve: use of undeclared type `Command`

   --> mutant.rs:129:1

    |

129 | Command :: new ( msvc_tool . as_ref ( ) . map ( | t | t . path ( ) ) . unwrap_or ( linker ) )

    | ^^^^^^^ not found in this scope

    |

help: consider importing this struct

    |

1   | use std::process::Command;

    |



error[E0433]: failed to resolve: use of undeclared type `Command`

   --> mutant.rs:131:6

    |

131 | _ => Command :: new ( linker ) ,

    |      ^^^^^^^ not found in this scope

    |

help: consider importing this struct

    |

1   | use std::process::Command;

    |



error[E0412]: cannot find type `CrateNum` in this scope

   --> mutant.rs:187:23

    |

187 | f : & mut dyn FnMut ( CrateNum , & Path ) ,

    |                       ^^^^^^^^ not found in this scope



error[E0412]: cannot find type `EncodedMetadata` in this scope

   --> mutant.rs:228:56

    |

228 | pub fn emit_metadata ( sess : & Session , metadata : & EncodedMetadata , tmpdir : & MaybeTempDir ) -> PathBuf {

    |                                                        ^^^^^^^^^^^^^^^ not found in this scope



error[E0412]: cannot find type `MaybeTempDir` in this scope

   --> mutant.rs:228:85

    |

228 | pub fn emit_metadata ( sess : & Session , metadata : & EncodedMetadata , tmpdir : & MaybeTempDir ) -> PathBuf {

    |                                                                                     ^^^^^^^^^^^^ not found in this scope



error[E0405]: cannot find trait `ArchiveBuilder` in this scope

   --> mutant.rs:236:25

    |

236 | fn link_rlib < 'a , B : ArchiveBuilder < 'a > > (

    |                         ^^^^^^^^^^^^^^ not found in this scope



error[E0412]: cannot find type `MaybeTempDir` in this scope

   --> mutant.rs:241:12

    |

241 | tmpdir : & MaybeTempDir ,

    |            ^^^^^^^^^^^^ not found in this scope



error[E0405]: cannot find trait `ArchiveBuilder` in this scope

   --> mutant.rs:278:30

    |

278 | fn link_staticlib < 'a , B : ArchiveBuilder < 'a > > (

    |                              ^^^^^^^^^^^^^^ not found in this scope



error[E0412]: cannot find type `MaybeTempDir` in this scope

   --> mutant.rs:282:13

    |

282 | tempdir : & MaybeTempDir ,

    |             ^^^^^^^^^^^^ not found in this scope



error[E0405]: cannot find trait `ArchiveBuilder` in this scope

   --> mutant.rs:314:29

    |

314 | fn link_natively < 'a , B : ArchiveBuilder < 'a > > (

    |                             ^^^^^^^^^^^^^^ not found in this scope



error[E0412]: cannot find type `CrateType` in this scope

   --> mutant.rs:316:14

    |

316 | crate_type : CrateType ,

    |              ^^^^^^^^^ not found in this scope



error[E0412]: cannot find type `CrtObjects` in this scope

   --> mutant.rs:402:33

    |

402 | let get_objects = | objects : & CrtObjects , kind | {

    |                                 ^^^^^^^^^^ not found in this scope



error[E0425]: cannot find value `msg_bus` in this scope

   --> mutant.rs:435:52

    |

435 | if out . contains ( msg_segv ) || out . contains ( msg_bus ) {

    |                                                    ^^^^^^^ not found in this scope



error[E0433]: failed to resolve: use of undeclared type `Command`

   --> mutant.rs:565:20

    |

565 | if let Err ( e ) = Command :: new ( "dsymutil" ) . arg ( out_filename ) . output ( ) {

    |                    ^^^^^^^ not found in this scope

    |

help: consider importing this struct

    |

1   | use std::process::Command;

    |



error[E0412]: cannot find type `CrateType` in this scope

   --> mutant.rs:570:54

    |

570 | fn link_sanitizers ( sess : & Session , crate_type : CrateType , linker : & mut dyn Linker ) {

    |                                                      ^^^^^^^^^ not found in this scope



error[E0405]: cannot find trait `Linker` in this scope

   --> mutant.rs:570:85

    |

570 | fn link_sanitizers ( sess : & Session , crate_type : CrateType , linker : & mut dyn Linker ) {

    |                                                                                     ^^^^^^ not found in this scope



error[E0405]: cannot find trait `Linker` in this scope

   --> mutant.rs:595:67

    |

595 | fn link_sanitizer_runtime ( sess : & Session , linker : & mut dyn Linker , name : & str ) {

    |                                                                   ^^^^^^ not found in this scope



error[E0433]: failed to resolve: use of undeclared type `Symbol`

   --> mutant.rs:607:23

    |

607 | linker . link_dylib ( Symbol :: intern ( & libname ) ) ;

    |                       ^^^^^^ not found in this scope

    |

help: consider importing one of these items

    |

1   | use io::stdio::sys_common::backtrace::backtrace_rs::Symbol;

    |

1   | use io::stdio::sys_common::backtrace::backtrace_rs::symbolize::gimli::Symbol;

    |



error[E0412]: cannot find type `CrateNum` in this scope

   --> mutant.rs:621:73

    |

621 | pub fn ignored_for_lto ( sess : & Session , info : & CrateInfo , cnum : CrateNum ) -> bool {

    |                                                                         ^^^^^^^^ not found in this scope



error[E0412]: cannot find type `LinkerFlavor` in this scope

   --> mutant.rs:625:58

    |

625 | fn linker_and_flavor ( sess : & Session ) -> ( PathBuf , LinkerFlavor ) {

    |                                                          ^^^^^^^^^^^^ not found in this scope



error[E0412]: cannot find type `LinkerFlavor` in this scope

   --> mutant.rs:629:19

    |

626 | fn infer_from (

    |              - help: you might be missing a type parameter: `<LinkerFlavor>`

...

629 | flavor : Option < LinkerFlavor > ,

    |                   ^^^^^^^^^^^^ not found in this scope



error[E0412]: cannot find type `LinkerFlavor` in this scope

   --> mutant.rs:630:27

    |

626 | fn infer_from (

    |              - help: you might be missing a type parameter: `<LinkerFlavor>`

...

630 | ) -> Option < ( PathBuf , LinkerFlavor ) > {

    |                           ^^^^^^^^^^^^ not found in this scope



error[E0412]: cannot find type `NativeLib` in this scope

   --> mutant.rs:715:72

    |

715 | fn print_native_static_libs ( sess : & Session , all_native_libs : & [ NativeLib ] ) {

    |                                                                        ^^^^^^^^^ not found in this scope



error[E0412]: cannot find type `Command` in this scope

   --> mutant.rs:770:9

    |

770 | cmd : & Command ,

    |         ^^^^^^^ not found in this scope

    |

help: consider importing this struct

    |

1   | use std::process::Command;

    |



error[E0412]: cannot find type `CrateType` in this scope

   --> mutant.rs:871:55

    |

871 | fn link_output_kind ( sess : & Session , crate_type : CrateType ) -> LinkOutputKind {

    |                                                       ^^^^^^^^^ not found in this scope



error[E0412]: cannot find type `LinkOutputKind` in this scope

   --> mutant.rs:871:70

    |

871 | fn link_output_kind ( sess : & Session , crate_type : CrateType ) -> LinkOutputKind {

    |                                                                      ^^^^^^^^^^^^^^ not found in this scope



error[E0412]: cannot find type `CrateType` in this scope

   --> mutant.rs:909:59

    |

909 | fn crt_objects_fallback ( sess : & Session , crate_type : CrateType ) -> bool {

    |                                                           ^^^^^^^^^ not found in this scope



error[E0405]: cannot find trait `Linker` in this scope

   --> mutant.rs:925:17

    |

925 | cmd : & mut dyn Linker ,

    |                 ^^^^^^ not found in this scope



error[E0412]: cannot find type `LinkOutputKind` in this scope

   --> mutant.rs:927:20

    |

927 | link_output_kind : LinkOutputKind ,

    |                    ^^^^^^^^^^^^^^ not found in this scope



error[E0405]: cannot find trait `Linker` in this scope

   --> mutant.rs:938:17

    |

938 | cmd : & mut dyn Linker ,

    |                 ^^^^^^ not found in this scope



error[E0412]: cannot find type `LinkOutputKind` in this scope

   --> mutant.rs:940:20

    |

940 | link_output_kind : LinkOutputKind ,

    |                    ^^^^^^^^^^^^^^ not found in this scope



error[E0405]: cannot find trait `Linker` in this scope

   --> mutant.rs:950:40

    |

950 | fn add_pre_link_args ( cmd : & mut dyn Linker , sess : & Session , flavor : LinkerFlavor ) {

    |                                        ^^^^^^ not found in this scope



error[E0412]: cannot find type `LinkerFlavor` in this scope

   --> mutant.rs:950:77

    |

950 | fn add_pre_link_args ( cmd : & mut dyn Linker , sess : & Session , flavor : LinkerFlavor ) {

    |                                                                             ^^^^^^^^^^^^ not found in this scope



error[E0405]: cannot find trait `Linker` in this scope

   --> mutant.rs:956:38

    |

956 | fn add_link_script ( cmd : & mut dyn Linker , sess : & Session , tmpdir : & Path , crate_type : CrateType ) {

    |                                      ^^^^^^ not found in this scope



error[E0412]: cannot find type `CrateType` in this scope

   --> mutant.rs:956:97

    |

956 | fn add_link_script ( cmd : & mut dyn Linker , sess : & Session , tmpdir : & Path , crate_type : CrateType ) {

    |                                                                                                 ^^^^^^^^^ not found in this scope



error[E0405]: cannot find trait `Linker` in this scope

   --> mutant.rs:974:17

    |

974 | cmd : & mut dyn Linker ,

    |                 ^^^^^^ not found in this scope



error[E0405]: cannot find trait `Linker` in this scope

   --> mutant.rs:982:17

    |

982 | cmd : & mut dyn Linker ,

    |                 ^^^^^^ not found in this scope



error[E0412]: cannot find type `LinkerFlavor` in this scope

   --> mutant.rs:984:10

    |

984 | flavor : LinkerFlavor ,

    |          ^^^^^^^^^^^^ not found in this scope



error[E0412]: cannot find type `CrateType` in this scope

   --> mutant.rs:985:14

    |

985 | crate_type : CrateType ,

    |              ^^^^^^^^^ not found in this scope



error[E0405]: cannot find trait `Linker` in this scope

    --> mutant.rs:1005:41

     |

1005 | fn add_post_link_args ( cmd : & mut dyn Linker , sess : & Session , flavor : LinkerFlavor ) {

     |                                         ^^^^^^ not found in this scope



error[E0412]: cannot find type `LinkerFlavor` in this scope

    --> mutant.rs:1005:78

     |

1005 | fn add_post_link_args ( cmd : & mut dyn Linker , sess : & Session , flavor : LinkerFlavor ) {

     |                                                                              ^^^^^^^^^^^^ not found in this scope



error[E0405]: cannot find trait `Linker` in this scope

    --> mutant.rs:1010:54

     |

1010 | fn add_local_crate_regular_objects ( cmd : & mut dyn Linker , codegen_results : & CodegenResults ) {

     |                                                      ^^^^^^ not found in this scope



error[E0405]: cannot find trait `Linker` in this scope

    --> mutant.rs:1015:56

     |

1015 | fn add_local_crate_allocator_objects ( cmd : & mut dyn Linker , codegen_results : & CodegenResults ) {

     |                                                        ^^^^^^ not found in this scope



error[E0405]: cannot find trait `Linker` in this scope

    --> mutant.rs:1021:17

     |

1021 | cmd : & mut dyn Linker ,

     |                 ^^^^^^ not found in this scope



error[E0412]: cannot find type `CrateType` in this scope

    --> mutant.rs:1022:14

     |

1022 | crate_type : CrateType ,

     |              ^^^^^^^^^ not found in this scope



error[E0405]: cannot find trait `ArchiveBuilder` in this scope

    --> mutant.rs:1032:69

     |

1032 | fn link_local_crate_native_libs_and_dependent_crate_libs < 'a , B : ArchiveBuilder < 'a > > (

     |                                                                     ^^^^^^^^^^^^^^ not found in this scope



error[E0405]: cannot find trait `Linker` in this scope

    --> mutant.rs:1033:17

     |

1033 | cmd : & mut dyn Linker ,

     |                 ^^^^^^ not found in this scope



error[E0412]: cannot find type `CrateType` in this scope

    --> mutant.rs:1035:14

     |

1035 | crate_type : CrateType ,

     |              ^^^^^^^^^ not found in this scope



error[E0405]: cannot find trait `Linker` in this scope

    --> mutant.rs:1047:46

     |

1047 | fn add_library_search_dirs ( cmd : & mut dyn Linker , sess : & Session , self_contained : bool ) {

     |                                              ^^^^^^ not found in this scope



error[E0405]: cannot find trait `Linker` in this scope

    --> mutant.rs:1055:37

     |

1055 | fn add_relro_args ( cmd : & mut dyn Linker , sess : & Session ) {

     |                                     ^^^^^^ not found in this scope



error[E0405]: cannot find trait `Linker` in this scope

    --> mutant.rs:1064:17

     |

1064 | cmd : & mut dyn Linker ,

     |                 ^^^^^^ not found in this scope



error[E0422]: cannot find struct, variant or union type `RPathConfig` in this scope

    --> mutant.rs:1078:24

     |

1078 | let mut rpath_config = RPathConfig {

     |                        ^^^^^^^^^^^ not found in this scope



error[E0405]: cannot find trait `ArchiveBuilder` in this scope

    --> mutant.rs:1089:32

     |

1089 | fn linker_with_args < 'a , B : ArchiveBuilder < 'a > > (

     |                                ^^^^^^^^^^^^^^ not found in this scope



error[E0412]: cannot find type `LinkerFlavor` in this scope

    --> mutant.rs:1091:10

     |

1091 | flavor : LinkerFlavor ,

     |          ^^^^^^^^^^^^ not found in this scope



error[E0412]: cannot find type `CrateType` in this scope

    --> mutant.rs:1093:14

     |

1093 | crate_type : CrateType ,

     |              ^^^^^^^^^ not found in this scope



error[E0412]: cannot find type `Command` in this scope

    --> mutant.rs:1098:6

     |

1098 | ) -> Command {

     |      ^^^^^^^ not found in this scope

     |

help: consider importing this struct

     |

1    | use std::process::Command;

     |



error[E0405]: cannot find trait `Linker` in this scope

    --> mutant.rs:1176:17

     |

1176 | cmd : & mut dyn Linker ,

     |                 ^^^^^^ not found in this scope



error[E0405]: cannot find trait `ArchiveBuilder` in this scope

    --> mutant.rs:1210:40

     |

1210 | fn add_upstream_rust_crates < 'a , B : ArchiveBuilder < 'a > > (

     |                                        ^^^^^^^^^^^^^^ not found in this scope



error[E0405]: cannot find trait `Linker` in this scope

    --> mutant.rs:1211:17

     |

1211 | cmd : & mut dyn Linker ,

     |                 ^^^^^^ not found in this scope



error[E0412]: cannot find type `CrateType` in this scope

    --> mutant.rs:1214:14

     |

1214 | crate_type : CrateType ,

     |              ^^^^^^^^^ not found in this scope



error[E0405]: cannot find trait `ArchiveBuilder` in this scope

    --> mutant.rs:1281:32

     |

1281 | fn add_static_crate < 'a , B : ArchiveBuilder < 'a > > (

     |                                ^^^^^^^^^^^^^^ not found in this scope



error[E0405]: cannot find trait `Linker` in this scope

    --> mutant.rs:1282:17

     |

1282 | cmd : & mut dyn Linker ,

     |                 ^^^^^^ not found in this scope



error[E0412]: cannot find type `CrateType` in this scope

    --> mutant.rs:1286:14

     |

1286 | crate_type : CrateType ,

     |              ^^^^^^^^^ not found in this scope



error[E0412]: cannot find type `CrateNum` in this scope

    --> mutant.rs:1287:8

     |

1287 | cnum : CrateNum ,

     |        ^^^^^^^^ not found in this scope



error[E0405]: cannot find trait `Linker` in this scope

    --> mutant.rs:1343:40

     |

1343 | fn add_dynamic_crate ( cmd : & mut dyn Linker , sess : & Session , cratepath : & Path ) {

     |                                        ^^^^^^ not found in this scope



error[E0433]: failed to resolve: use of undeclared type `Symbol`

    --> mutant.rs:1350:1

     |

1350 | Symbol :: intern ( & unlib ( & sess . target , filestem ) ) ,

     | ^^^^^^ not found in this scope

     |

help: consider importing one of these items

     |

1    | use io::stdio::sys_common::backtrace::backtrace_rs::Symbol;

     |

1    | use io::stdio::sys_common::backtrace::backtrace_rs::symbolize::gimli::Symbol;

     |



error[E0405]: cannot find trait `Linker` in this scope

    --> mutant.rs:1356:17

     |

1356 | cmd : & mut dyn Linker ,

     |                 ^^^^^^ not found in this scope



error[E0412]: cannot find type `CrateType` in this scope

    --> mutant.rs:1359:14

     |

1359 | crate_type : CrateType ,

     |              ^^^^^^^^^ not found in this scope



error[E0412]: cannot find type `NativeLib` in this scope

    --> mutant.rs:1393:46

     |

1393 | fn relevant_lib ( sess : & Session , lib : & NativeLib ) -> bool {

     |                                              ^^^^^^^^^ not found in this scope



error[E0405]: cannot find trait `Linker` in this scope

    --> mutant.rs:1408:36

     |

1408 | fn add_apple_sdk ( cmd : & mut dyn Linker , sess : & Session , flavor : LinkerFlavor ) {

     |                                    ^^^^^^ not found in this scope



error[E0412]: cannot find type `LinkerFlavor` in this scope

    --> mutant.rs:1408:73

     |

1408 | fn add_apple_sdk ( cmd : & mut dyn Linker , sess : & Session , flavor : LinkerFlavor ) {

     |                                                                         ^^^^^^^^^^^^ not found in this scope



error[E0433]: failed to resolve: use of undeclared type `Command`

    --> mutant.rs:1464:1

     |

1464 | Command :: new ( "xcrun" ) . arg ( "--show-sdk-path" ) . arg ( "-sdk" ) . arg ( sdk_name ) . output ( ) . and_then (

     | ^^^^^^^ not found in this scope

     |

help: consider importing this struct

     |

1    | use std::process::Command;

     |



error: aborting due to 268 previous errors



Some errors have detailed explanations: E0405, E0412, E0422, E0425, E0432, E0433.

For more information about an error, try `rustc --explain E0405`.

